<?xml version="1.0" encoding="utf-8"?>
<TestRun id="8fe19038-e03a-4e61-94d6-22c1a0456e8c" name="bruno@DESKTOP-K199TTS 2020-02-19 23:02:59" runUser="DESKTOP-K199TTS\bruno" xmlns="http://microsoft.com/schemas/VisualStudio/TeamTest/2010">
  <Times creation="2020-02-19T23:02:59.1654949-05:00" queuing="2020-02-19T23:02:59.1655110-05:00" start="2020-02-19T23:02:54.3687633-05:00" finish="2020-02-19T23:03:11.6473113-05:00" />
  <TestSettings name="default" id="eaf84e74-51ab-4eeb-baa2-b13984cc6b1a">
    <Deployment runDeploymentRoot="bruno_DESKTOP-K199TTS_2020-02-19_23_02_59" />
  </TestSettings>
  <Results>
    <UnitTestResult executionId="f16b0b9a-95e1-4126-979a-6339010b41d1" testId="b849462a-b41d-8fc0-6b6a-e315532067b7" testName="Tests+FolarisTest.Test a few few more commands (cmd: &quot;gci env:&quot;)" computerName="DESKTOP-K199TTS" duration="00:00:02.0375142" startTime="2020-02-19T23:03:01.1654852-05:00" endTime="2020-02-19T23:03:01.1654971-05:00" testType="13cdc9d9-ddb5-4fa4-a97d-d965ccfc6d4b" outcome="Passed" testListId="8c84fa94-04c1-424b-9868-57a2d4851a1d" relativeResultsDirectory="f16b0b9a-95e1-4126-979a-6339010b41d1">
      <Output>
        <StdOut>reply: {"cmd":"gci env:","outstring":"System.Collections.DictionaryEntry\nSystem.Collections.DictionaryEntry\nSystem.Collections.DictionaryEntry\nSystem.Collections.DictionaryEntry\nSystem.Collections.DictionaryEntry\nSystem.Collections.DictionaryEntry\nSystem.Collections.DictionaryEntry\nSystem.Collections.DictionaryEntry\nSystem.Collections.DictionaryEntry\nSystem.Collections.DictionaryEntry\nSystem.Collections.DictionaryEntry\nSystem.Collections.DictionaryEntry\nSystem.Collections.DictionaryEntry\nSystem.Collections.DictionaryEntry\nSystem.Collections.DictionaryEntry\nSystem.Collections.DictionaryEntry\nSystem.Collections.DictionaryEntry\nSystem.Collections.DictionaryEntry\nSystem.Collections.DictionaryEntry\nSystem.Collections.DictionaryEntry\nSystem.Collections.DictionaryEntry\nSystem.Collections.DictionaryEntry\nSystem.Collections.DictionaryEntry\nSystem.Collections.DictionaryEntry\nSystem.Collections.DictionaryEntry\nSystem.Collections.DictionaryEntry\nSystem.Collections.DictionaryEntry\nSystem.Collections.DictionaryEntry\nSystem.Collections.DictionaryEntry\nSystem.Collections.DictionaryEntry\nSystem.Collections.DictionaryEntry\nSystem.Collections.DictionaryEntry\nSystem.Collections.DictionaryEntry\nSystem.Collections.DictionaryEntry\nSystem.Collections.DictionaryEntry\nSystem.Collections.DictionaryEntry\nSystem.Collections.DictionaryEntry\nSystem.Collections.DictionaryEntry\nSystem.Collections.DictionaryEntry\nSystem.Collections.DictionaryEntry\nSystem.Collections.DictionaryEntry\nSystem.Collections.DictionaryEntry\nSystem.Collections.DictionaryEntry\nSystem.Collections.DictionaryEntry\nSystem.Collections.DictionaryEntry\nSystem.Collections.DictionaryEntry\nSystem.Collections.DictionaryEntry\nSystem.Collections.DictionaryEntry\nSystem.Collections.DictionaryEntry\nSystem.Collections.DictionaryEntry\nSystem.Collections.DictionaryEntry\nSystem.Collections.DictionaryEntry\nSystem.Collections.DictionaryEntry","status":true,"timeBegin":"2020-02-19T23:03:01.1516631-05:00","timeUsed":0.0014119,"output":"&lt;Objs Version=\"1.1.0.1\" xmlns=\"http://schemas.microsoft.com/powershell/2004/04\"&gt;\r\n  &lt;Obj RefId=\"0\"&gt;\r\n    &lt;TN RefId=\"0\"&gt;\r\n      &lt;T&gt;System.Management.Automation.PSDataCollection`1[[System.Management.Automation.PSObject, System.Management.Automation, Version=7.0.0.0, Culture=neutral, PublicKeyToken=31bf3856ad364e35]]&lt;/T&gt;\r\n      &lt;T&gt;System.Object&lt;/T&gt;\r\n    &lt;/TN&gt;\r\n    &lt;LST&gt;\r\n      &lt;Obj RefId=\"1\"&gt;\r\n        &lt;TN RefId=\"1\"&gt;\r\n          &lt;T&gt;System.Collections.DictionaryEntry&lt;/T&gt;\r\n          &lt;T&gt;System.ValueType&lt;/T&gt;\r\n          &lt;T&gt;System.Object&lt;/T&gt;\r\n        &lt;/TN&gt;\r\n        &lt;ToString&gt;System.Collections.DictionaryEntry&lt;/ToString&gt;\r\n        &lt;Props&gt;\r\n          &lt;S N=\"Key\"&gt;ALLUSERSPROFILE&lt;/S&gt;\r\n          &lt;S N=\"Value\"&gt;C:\\ProgramData&lt;/S&gt;\r\n        &lt;/Props&gt;\r\n        &lt;MS&gt;\r\n          &lt;S N=\"PSPath\"&gt;Microsoft.PowerShell.Core\\Environment::ALLUSERSPROFILE&lt;/S&gt;\r\n          &lt;Obj N=\"PSDrive\" RefId=\"2\"&gt;\r\n            &lt;TN RefId=\"2\"&gt;\r\n              &lt;T&gt;System.Management.Automation.PSDriveInfo&lt;/T&gt;\r\n              &lt;T&gt;System.Object&lt;/T&gt;\r\n            &lt;/TN&gt;\r\n            &lt;ToString&gt;Env&lt;/ToString&gt;\r\n            &lt;Props&gt;\r\n              &lt;S N=\"CurrentLocation\"&gt;&lt;/S&gt;\r\n              &lt;S N=\"Name\"&gt;Env&lt;/S&gt;\r\n              &lt;Obj N=\"Provider\" RefId=\"3\"&gt;\r\n                &lt;S&gt;Microsoft.PowerShell.Core\\Environment&lt;/S&gt;\r\n              &lt;/Obj&gt;\r\n              &lt;S N=\"Root\"&gt;&lt;/S&gt;\r\n              &lt;S N=\"Description\"&gt;Drive that contains a view of the environment variables for the process&lt;/S&gt;\r\n              &lt;Nil N=\"MaximumSize\" /&gt;\r\n              &lt;Obj N=\"Credential\" RefId=\"4\"&gt;\r\n                &lt;TN RefId=\"3\"&gt;\r\n                  &lt;T&gt;System.Management.Automation.PSCredential&lt;/T&gt;\r\n                  &lt;T&gt;System.Object&lt;/T&gt;\r\n                &lt;/TN&gt;\r\n                &lt;ToString&gt;System.Management.Automation.PSCredential&lt;/ToString&gt;\r\n                &lt;Props&gt;\r\n                  &lt;Nil N=\"UserName\" /&gt;\r\n                  &lt;Nil N=\"Password\" /&gt;\r\n                &lt;/Props&gt;\r\n              &lt;/Obj&gt;\r\n              &lt;Nil N=\"DisplayRoot\" /&gt;\r\n              &lt;B N=\"VolumeSeparatedByColon\"&gt;true&lt;/B&gt;\r\n            &lt;/Props&gt;\r\n          &lt;/Obj&gt;\r\n          &lt;Obj N=\"PSProvider\" RefId=\"5\"&gt;\r\n            &lt;TN RefId=\"4\"&gt;\r\n              &lt;T&gt;System.Management.Automation.ProviderInfo&lt;/T&gt;\r\n              &lt;T&gt;System.Object&lt;/T&gt;\r\n            &lt;/TN&gt;\r\n            &lt;ToString&gt;Microsoft.PowerShell.Core\\Environment&lt;/ToString&gt;\r\n            &lt;Props&gt;\r\n              &lt;S N=\"ImplementingType\"&gt;Microsoft.PowerShell.Commands.EnvironmentProvider&lt;/S&gt;\r\n              &lt;S N=\"HelpFile\"&gt;System.Management.Automation.dll-Help.xml&lt;/S&gt;\r\n              &lt;S N=\"Name\"&gt;Environment&lt;/S&gt;\r\n              &lt;S N=\"PSSnapIn\"&gt;Microsoft.PowerShell.Core&lt;/S&gt;\r\n              &lt;S N=\"ModuleName\"&gt;Microsoft.PowerShell.Core&lt;/S&gt;\r\n              &lt;Nil N=\"Module\" /&gt;\r\n              &lt;S N=\"Description\"&gt;&lt;/S&gt;\r\n              &lt;S N=\"Capabilities\"&gt;ShouldProcess&lt;/S&gt;\r\n              &lt;S N=\"Home\"&gt;&lt;/S&gt;\r\n              &lt;Obj N=\"Drives\" RefId=\"6\"&gt;\r\n                &lt;TN RefId=\"5\"&gt;\r\n                  &lt;T&gt;System.Collections.ObjectModel.Collection`1[[System.Management.Automation.PSDriveInfo, System.Management.Automation, Version=7.0.0.0, Culture=neutral, PublicKeyToken=31bf3856ad364e35]]&lt;/T&gt;\r\n                  &lt;T&gt;System.Object&lt;/T&gt;\r\n                &lt;/TN&gt;\r\n                &lt;LST&gt;\r\n                  &lt;Ref RefId=\"2\" /&gt;\r\n                &lt;/LST&gt;\r\n              &lt;/Obj&gt;\r\n              &lt;B N=\"VolumeSeparatedByColon\"&gt;true&lt;/B&gt;\r\n              &lt;C N=\"ItemSeparator\"&gt;92&lt;/C&gt;\r\n              &lt;C N=\"AltItemSeparator\"&gt;47&lt;/C&gt;\r\n            &lt;/Props&gt;\r\n          &lt;/Obj&gt;\r\n          &lt;B N=\"PSIsContainer\"&gt;false&lt;/B&gt;\r\n          &lt;S N=\"Name\"&gt;ALLUSERSPROFILE&lt;/S&gt;\r\n        &lt;/MS&gt;\r\n      &lt;/Obj&gt;\r\n      &lt;Obj RefId=\"7\"&gt;\r\n        &lt;TNRef RefId=\"1\" /&gt;\r\n        &lt;ToString&gt;System.Collections.DictionaryEntry&lt;/ToString&gt;\r\n        &lt;Props&gt;\r\n          &lt;S N=\"Key\"&gt;APPDATA&lt;/S&gt;\r\n          &lt;S N=\"Value\"&gt;C:\\Users\\bruno\\AppData\\Roaming&lt;/S&gt;\r\n        &lt;/Props&gt;\r\n        &lt;MS&gt;\r\n          &lt;S N=\"PSPath\"&gt;Microsoft.PowerShell.Core\\Environment::APPDATA&lt;/S&gt;\r\n          &lt;Ref N=\"PSDrive\" RefId=\"2\" /&gt;\r\n          &lt;Ref N=\"PSProvider\" RefId=\"5\" /&gt;\r\n          &lt;B N=\"PSIsContainer\"&gt;false&lt;/B&gt;\r\n          &lt;S N=\"Name\"&gt;APPDATA&lt;/S&gt;\r\n        &lt;/MS&gt;\r\n      &lt;/Obj&gt;\r\n      &lt;Obj RefId=\"8\"&gt;\r\n        &lt;TNRef RefId=\"1\" /&gt;\r\n        &lt;ToString&gt;System.Collections.DictionaryEntry&lt;/ToString&gt;\r\n        &lt;Props&gt;\r\n          &lt;S N=\"Key\"&gt;CommonProgramFiles&lt;/S&gt;\r\n          &lt;S N=\"Value\"&gt;C:\\Program Files\\Common Files&lt;/S&gt;\r\n        &lt;/Props&gt;\r\n        &lt;MS&gt;\r\n          &lt;S N=\"PSPath\"&gt;Microsoft.PowerShell.Core\\Environment::CommonProgramFiles&lt;/S&gt;\r\n          &lt;Ref N=\"PSDrive\" RefId=\"2\" /&gt;\r\n          &lt;Ref N=\"PSProvider\" RefId=\"5\" /&gt;\r\n          &lt;B N=\"PSIsContainer\"&gt;false&lt;/B&gt;\r\n          &lt;S N=\"Name\"&gt;CommonProgramFiles&lt;/S&gt;\r\n        &lt;/MS&gt;\r\n      &lt;/Obj&gt;\r\n      &lt;Obj RefId=\"9\"&gt;\r\n        &lt;TNRef RefId=\"1\" /&gt;\r\n        &lt;ToString&gt;System.Collections.DictionaryEntry&lt;/ToString&gt;\r\n        &lt;Props&gt;\r\n          &lt;S N=\"Key\"&gt;CommonProgramFiles(x86)&lt;/S&gt;\r\n          &lt;S N=\"Value\"&gt;C:\\Program Files (x86)\\Common Files&lt;/S&gt;\r\n        &lt;/Props&gt;\r\n        &lt;MS&gt;\r\n          &lt;S N=\"PSPath\"&gt;Microsoft.PowerShell.Core\\Environment::CommonProgramFiles(x86)&lt;/S&gt;\r\n          &lt;Ref N=\"PSDrive\" RefId=\"2\" /&gt;\r\n          &lt;Ref N=\"PSProvider\" RefId=\"5\" /&gt;\r\n          &lt;B N=\"PSIsContainer\"&gt;false&lt;/B&gt;\r\n          &lt;S N=\"Name\"&gt;CommonProgramFiles(x86)&lt;/S&gt;\r\n        &lt;/MS&gt;\r\n      &lt;/Obj&gt;\r\n      &lt;Obj RefId=\"10\"&gt;\r\n        &lt;TNRef RefId=\"1\" /&gt;\r\n        &lt;ToString&gt;System.Collections.DictionaryEntry&lt;/ToString&gt;\r\n        &lt;Props&gt;\r\n          &lt;S N=\"Key\"&gt;CommonProgramW6432&lt;/S&gt;\r\n          &lt;S N=\"Value\"&gt;C:\\Program Files\\Common Files&lt;/S&gt;\r\n        &lt;/Props&gt;\r\n        &lt;MS&gt;\r\n          &lt;S N=\"PSPath\"&gt;Microsoft.PowerShell.Core\\Environment::CommonProgramW6432&lt;/S&gt;\r\n          &lt;Ref N=\"PSDrive\" RefId=\"2\" /&gt;\r\n          &lt;Ref N=\"PSProvider\" RefId=\"5\" /&gt;\r\n          &lt;B N=\"PSIsContainer\"&gt;false&lt;/B&gt;\r\n          &lt;S N=\"Name\"&gt;CommonProgramW6432&lt;/S&gt;\r\n        &lt;/MS&gt;\r\n      &lt;/Obj&gt;\r\n      &lt;Obj RefId=\"11\"&gt;\r\n        &lt;TNRef RefId=\"1\" /&gt;\r\n        &lt;ToString&gt;System.Collections.DictionaryEntry&lt;/ToString&gt;\r\n        &lt;Props&gt;\r\n          &lt;S N=\"Key\"&gt;COMPUTERNAME&lt;/S&gt;\r\n          &lt;S N=\"Value\"&gt;DESKTOP-K199TTS&lt;/S&gt;\r\n        &lt;/Props&gt;\r\n        &lt;MS&gt;\r\n          &lt;S N=\"PSPath\"&gt;Microsoft.PowerShell.Core\\Environment::COMPUTERNAME&lt;/S&gt;\r\n          &lt;Ref N=\"PSDrive\" RefId=\"2\" /&gt;\r\n          &lt;Ref N=\"PSProvider\" RefId=\"5\" /&gt;\r\n          &lt;B N=\"PSIsContainer\"&gt;false&lt;/B&gt;\r\n          &lt;S N=\"Name\"&gt;COMPUTERNAME&lt;/S&gt;\r\n        &lt;/MS&gt;\r\n      &lt;/Obj&gt;\r\n      &lt;Obj RefId=\"12\"&gt;\r\n        &lt;TNRef RefId=\"1\" /&gt;\r\n        &lt;ToString&gt;System.Collections.DictionaryEntry&lt;/ToString&gt;\r\n        &lt;Props&gt;\r\n          &lt;S N=\"Key\"&gt;ComSpec&lt;/S&gt;\r\n          &lt;S N=\"Value\"&gt;C:\\WINDOWS\\system32\\cmd.exe&lt;/S&gt;\r\n        &lt;/Props&gt;\r\n        &lt;MS&gt;\r\n          &lt;S N=\"PSPath\"&gt;Microsoft.PowerShell.Core\\Environment::ComSpec&lt;/S&gt;\r\n          &lt;Ref N=\"PSDrive\" RefId=\"2\" /&gt;\r\n          &lt;Ref N=\"PSProvider\" RefId=\"5\" /&gt;\r\n          &lt;B N=\"PSIsContainer\"&gt;false&lt;/B&gt;\r\n          &lt;S N=\"Name\"&gt;ComSpec&lt;/S&gt;\r\n        &lt;/MS&gt;\r\n      &lt;/Obj&gt;\r\n      &lt;Obj RefId=\"13\"&gt;\r\n        &lt;TNRef RefId=\"1\" /&gt;\r\n        &lt;ToString&gt;System.Collections.DictionaryEntry&lt;/ToString&gt;\r\n        &lt;Props&gt;\r\n          &lt;S N=\"Key\"&gt;DOTNET_ROOT&lt;/S&gt;\r\n          &lt;S N=\"Value\"&gt;C:\\Program Files\\dotnet&lt;/S&gt;\r\n        &lt;/Props&gt;\r\n        &lt;MS&gt;\r\n          &lt;S N=\"PSPath\"&gt;Microsoft.PowerShell.Core\\Environment::DOTNET_ROOT&lt;/S&gt;\r\n          &lt;Ref N=\"PSDrive\" RefId=\"2\" /&gt;\r\n          &lt;Ref N=\"PSProvider\" RefId=\"5\" /&gt;\r\n          &lt;B N=\"PSIsContainer\"&gt;false&lt;/B&gt;\r\n          &lt;S N=\"Name\"&gt;DOTNET_ROOT&lt;/S&gt;\r\n        &lt;/MS&gt;\r\n      &lt;/Obj&gt;\r\n      &lt;Obj RefId=\"14\"&gt;\r\n        &lt;TNRef RefId=\"1\" /&gt;\r\n        &lt;ToString&gt;System.Collections.DictionaryEntry&lt;/ToString&gt;\r\n        &lt;Props&gt;\r\n          &lt;S N=\"Key\"&gt;DriverData&lt;/S&gt;\r\n          &lt;S N=\"Value\"&gt;C:\\Windows\\System32\\Drivers\\DriverData&lt;/S&gt;\r\n        &lt;/Props&gt;\r\n        &lt;MS&gt;\r\n          &lt;S N=\"PSPath\"&gt;Microsoft.PowerShell.Core\\Environment::DriverData&lt;/S&gt;\r\n          &lt;Ref N=\"PSDrive\" RefId=\"2\" /&gt;\r\n          &lt;Ref N=\"PSProvider\" RefId=\"5\" /&gt;\r\n          &lt;B N=\"PSIsContainer\"&gt;false&lt;/B&gt;\r\n          &lt;S N=\"Name\"&gt;DriverData&lt;/S&gt;\r\n        &lt;/MS&gt;\r\n      &lt;/Obj&gt;\r\n      &lt;Obj RefId=\"15\"&gt;\r\n        &lt;TNRef RefId=\"1\" /&gt;\r\n        &lt;ToString&gt;System.Collections.DictionaryEntry&lt;/ToString&gt;\r\n        &lt;Props&gt;\r\n          &lt;S N=\"Key\"&gt;FPS_BROWSER_APP_PROFILE_STRING&lt;/S&gt;\r\n          &lt;S N=\"Value\"&gt;Internet Explorer&lt;/S&gt;\r\n        &lt;/Props&gt;\r\n        &lt;MS&gt;\r\n          &lt;S N=\"PSPath\"&gt;Microsoft.PowerShell.Core\\Environment::FPS_BROWSER_APP_PROFILE_STRING&lt;/S&gt;\r\n          &lt;Ref N=\"PSDrive\" RefId=\"2\" /&gt;\r\n          &lt;Ref N=\"PSProvider\" RefId=\"5\" /&gt;\r\n          &lt;B N=\"PSIsContainer\"&gt;false&lt;/B&gt;\r\n          &lt;S N=\"Name\"&gt;FPS_BROWSER_APP_PROFILE_STRING&lt;/S&gt;\r\n        &lt;/MS&gt;\r\n      &lt;/Obj&gt;\r\n      &lt;Obj RefId=\"16\"&gt;\r\n        &lt;TNRef RefId=\"1\" /&gt;\r\n        &lt;ToString&gt;System.Collections.DictionaryEntry&lt;/ToString&gt;\r\n        &lt;Props&gt;\r\n          &lt;S N=\"Key\"&gt;FPS_BROWSER_USER_PROFILE_STRING&lt;/S&gt;\r\n          &lt;S N=\"Value\"&gt;Default&lt;/S&gt;\r\n        &lt;/Props&gt;\r\n        &lt;MS&gt;\r\n          &lt;S N=\"PSPath\"&gt;Microsoft.PowerShell.Core\\Environment::FPS_BROWSER_USER_PROFILE_STRING&lt;/S&gt;\r\n          &lt;Ref N=\"PSDrive\" RefId=\"2\" /&gt;\r\n          &lt;Ref N=\"PSProvider\" RefId=\"5\" /&gt;\r\n          &lt;B N=\"PSIsContainer\"&gt;false&lt;/B&gt;\r\n          &lt;S N=\"Name\"&gt;FPS_BROWSER_USER_PROFILE_STRING&lt;/S&gt;\r\n        &lt;/MS&gt;\r\n      &lt;/Obj&gt;\r\n      &lt;Obj RefId=\"17\"&gt;\r\n        &lt;TNRef RefId=\"1\" /&gt;\r\n        &lt;ToString&gt;System.Collections.DictionaryEntry&lt;/ToString&gt;\r\n        &lt;Props&gt;\r\n          &lt;S N=\"Key\"&gt;HOME&lt;/S&gt;\r\n          &lt;S N=\"Value\"&gt;D:\\tools\\WPy-3670\\settings&lt;/S&gt;\r\n        &lt;/Props&gt;\r\n        &lt;MS&gt;\r\n          &lt;S N=\"PSPath\"&gt;Microsoft.PowerShell.Core\\Environment::HOME&lt;/S&gt;\r\n          &lt;Ref N=\"PSDrive\" RefId=\"2\" /&gt;\r\n          &lt;Ref N=\"PSProvider\" RefId=\"5\" /&gt;\r\n          &lt;B N=\"PSIsContainer\"&gt;false&lt;/B&gt;\r\n          &lt;S N=\"Name\"&gt;HOME&lt;/S&gt;\r\n        &lt;/MS&gt;\r\n      &lt;/Obj&gt;\r\n      &lt;Obj RefId=\"18\"&gt;\r\n        &lt;TNRef RefId=\"1\" /&gt;\r\n        &lt;ToString&gt;System.Collections.DictionaryEntry&lt;/ToString&gt;\r\n        &lt;Props&gt;\r\n          &lt;S N=\"Key\"&gt;HOMEDRIVE&lt;/S&gt;\r\n          &lt;S N=\"Value\"&gt;C:&lt;/S&gt;\r\n        &lt;/Props&gt;\r\n        &lt;MS&gt;\r\n          &lt;S N=\"PSPath\"&gt;Microsoft.PowerShell.Core\\Environment::HOMEDRIVE&lt;/S&gt;\r\n          &lt;Ref N=\"PSDrive\" RefId=\"2\" /&gt;\r\n          &lt;Ref N=\"PSProvider\" RefId=\"5\" /&gt;\r\n          &lt;B N=\"PSIsContainer\"&gt;false&lt;/B&gt;\r\n          &lt;S N=\"Name\"&gt;HOMEDRIVE&lt;/S&gt;\r\n        &lt;/MS&gt;\r\n      &lt;/Obj&gt;\r\n      &lt;Obj RefId=\"19\"&gt;\r\n        &lt;TNRef RefId=\"1\" /&gt;\r\n        &lt;ToString&gt;System.Collections.DictionaryEntry&lt;/ToString&gt;\r\n        &lt;Props&gt;\r\n          &lt;S N=\"Key\"&gt;HOMEPATH&lt;/S&gt;\r\n          &lt;S N=\"Value\"&gt;\\Users\\bruno&lt;/S&gt;\r\n        &lt;/Props&gt;\r\n        &lt;MS&gt;\r\n          &lt;S N=\"PSPath\"&gt;Microsoft.PowerShell.Core\\Environment::HOMEPATH&lt;/S&gt;\r\n          &lt;Ref N=\"PSDrive\" RefId=\"2\" /&gt;\r\n          &lt;Ref N=\"PSProvider\" RefId=\"5\" /&gt;\r\n          &lt;B N=\"PSIsContainer\"&gt;false&lt;/B&gt;\r\n          &lt;S N=\"Name\"&gt;HOMEPATH&lt;/S&gt;\r\n        &lt;/MS&gt;\r\n      &lt;/Obj&gt;\r\n      &lt;Obj RefId=\"20\"&gt;\r\n        &lt;TNRef RefId=\"1\" /&gt;\r\n        &lt;ToString&gt;System.Collections.DictionaryEntry&lt;/ToString&gt;\r\n        &lt;Props&gt;\r\n          &lt;S N=\"Key\"&gt;JAVA_HOME&lt;/S&gt;\r\n          &lt;S N=\"Value\"&gt;C:\\Program Files\\Java\\jre1.8.0_144&lt;/S&gt;\r\n        &lt;/Props&gt;\r\n        &lt;MS&gt;\r\n          &lt;S N=\"PSPath\"&gt;Microsoft.PowerShell.Core\\Environment::JAVA_HOME&lt;/S&gt;\r\n          &lt;Ref N=\"PSDrive\" RefId=\"2\" /&gt;\r\n          &lt;Ref N=\"PSProvider\" RefId=\"5\" /&gt;\r\n          &lt;B N=\"PSIsContainer\"&gt;false&lt;/B&gt;\r\n          &lt;S N=\"Name\"&gt;JAVA_HOME&lt;/S&gt;\r\n        &lt;/MS&gt;\r\n      &lt;/Obj&gt;\r\n      &lt;Obj RefId=\"21\"&gt;\r\n        &lt;TNRef RefId=\"1\" /&gt;\r\n        &lt;ToString&gt;System.Collections.DictionaryEntry&lt;/ToString&gt;\r\n        &lt;Props&gt;\r\n          &lt;S N=\"Key\"&gt;JUPYTER_DATA_DIR&lt;/S&gt;\r\n          &lt;S N=\"Value\"&gt;D:\\tools\\WPy-3670\\settings&lt;/S&gt;\r\n        &lt;/Props&gt;\r\n        &lt;MS&gt;\r\n          &lt;S N=\"PSPath\"&gt;Microsoft.PowerShell.Core\\Environment::JUPYTER_DATA_DIR&lt;/S&gt;\r\n          &lt;Ref N=\"PSDrive\" RefId=\"2\" /&gt;\r\n          &lt;Ref N=\"PSProvider\" RefId=\"5\" /&gt;\r\n          &lt;B N=\"PSIsContainer\"&gt;false&lt;/B&gt;\r\n          &lt;S N=\"Name\"&gt;JUPYTER_DATA_DIR&lt;/S&gt;\r\n        &lt;/MS&gt;\r\n      &lt;/Obj&gt;\r\n      &lt;Obj RefId=\"22\"&gt;\r\n        &lt;TNRef RefId=\"1\" /&gt;\r\n        &lt;ToString&gt;System.Collections.DictionaryEntry&lt;/ToString&gt;\r\n        &lt;Props&gt;\r\n          &lt;S N=\"Key\"&gt;LOCALAPPDATA&lt;/S&gt;\r\n          &lt;S N=\"Value\"&gt;C:\\Users\\bruno\\AppData\\Local&lt;/S&gt;\r\n        &lt;/Props&gt;\r\n        &lt;MS&gt;\r\n          &lt;S N=\"PSPath\"&gt;Microsoft.PowerShell.Core\\Environment::LOCALAPPDATA&lt;/S&gt;\r\n          &lt;Ref N=\"PSDrive\" RefId=\"2\" /&gt;\r\n          &lt;Ref N=\"PSProvider\" RefId=\"5\" /&gt;\r\n          &lt;B N=\"PSIsContainer\"&gt;false&lt;/B&gt;\r\n          &lt;S N=\"Name\"&gt;LOCALAPPDATA&lt;/S&gt;\r\n        &lt;/MS&gt;\r\n      &lt;/Obj&gt;\r\n      &lt;Obj RefId=\"23\"&gt;\r\n        &lt;TNRef RefId=\"1\" /&gt;\r\n        &lt;ToString&gt;System.Collections.DictionaryEntry&lt;/ToString&gt;\r\n        &lt;Props&gt;\r\n          &lt;S N=\"Key\"&gt;LOGONSERVER&lt;/S&gt;\r\n          &lt;S N=\"Value\"&gt;\\\\DESKTOP-K199TTS&lt;/S&gt;\r\n        &lt;/Props&gt;\r\n        &lt;MS&gt;\r\n          &lt;S N=\"PSPath\"&gt;Microsoft.PowerShell.Core\\Environment::LOGONSERVER&lt;/S&gt;\r\n          &lt;Ref N=\"PSDrive\" RefId=\"2\" /&gt;\r\n          &lt;Ref N=\"PSProvider\" RefId=\"5\" /&gt;\r\n          &lt;B N=\"PSIsContainer\"&gt;false&lt;/B&gt;\r\n          &lt;S N=\"Name\"&gt;LOGONSERVER&lt;/S&gt;\r\n        &lt;/MS&gt;\r\n      &lt;/Obj&gt;\r\n      &lt;Obj RefId=\"24\"&gt;\r\n        &lt;TNRef RefId=\"1\" /&gt;\r\n        &lt;ToString&gt;System.Collections.DictionaryEntry&lt;/ToString&gt;\r\n        &lt;Props&gt;\r\n          &lt;S N=\"Key\"&gt;NUMBER_OF_PROCESSORS&lt;/S&gt;\r\n          &lt;S N=\"Value\"&gt;8&lt;/S&gt;\r\n        &lt;/Props&gt;\r\n        &lt;MS&gt;\r\n          &lt;S N=\"PSPath\"&gt;Microsoft.PowerShell.Core\\Environment::NUMBER_OF_PROCESSORS&lt;/S&gt;\r\n          &lt;Ref N=\"PSDrive\" RefId=\"2\" /&gt;\r\n          &lt;Ref N=\"PSProvider\" RefId=\"5\" /&gt;\r\n          &lt;B N=\"PSIsContainer\"&gt;false&lt;/B&gt;\r\n          &lt;S N=\"Name\"&gt;NUMBER_OF_PROCESSORS&lt;/S&gt;\r\n        &lt;/MS&gt;\r\n      &lt;/Obj&gt;\r\n      &lt;Obj RefId=\"25\"&gt;\r\n        &lt;TNRef RefId=\"1\" /&gt;\r\n        &lt;ToString&gt;System.Collections.DictionaryEntry&lt;/ToString&gt;\r\n        &lt;Props&gt;\r\n          &lt;S N=\"Key\"&gt;OneDrive&lt;/S&gt;\r\n          &lt;S N=\"Value\"&gt;C:\\Users\\bruno\\OneDrive&lt;/S&gt;\r\n        &lt;/Props&gt;\r\n        &lt;MS&gt;\r\n          &lt;S N=\"PSPath\"&gt;Microsoft.PowerShell.Core\\Environment::OneDrive&lt;/S&gt;\r\n          &lt;Ref N=\"PSDrive\" RefId=\"2\" /&gt;\r\n          &lt;Ref N=\"PSProvider\" RefId=\"5\" /&gt;\r\n          &lt;B N=\"PSIsContainer\"&gt;false&lt;/B&gt;\r\n          &lt;S N=\"Name\"&gt;OneDrive&lt;/S&gt;\r\n        &lt;/MS&gt;\r\n      &lt;/Obj&gt;\r\n      &lt;Obj RefId=\"26\"&gt;\r\n        &lt;TNRef RefId=\"1\" /&gt;\r\n        &lt;ToString&gt;System.Collections.DictionaryEntry&lt;/ToString&gt;\r\n        &lt;Props&gt;\r\n          &lt;S N=\"Key\"&gt;OneDriveConsumer&lt;/S&gt;\r\n          &lt;S N=\"Value\"&gt;C:\\Users\\bruno\\OneDrive&lt;/S&gt;\r\n        &lt;/Props&gt;\r\n        &lt;MS&gt;\r\n          &lt;S N=\"PSPath\"&gt;Microsoft.PowerShell.Core\\Environment::OneDriveConsumer&lt;/S&gt;\r\n          &lt;Ref N=\"PSDrive\" RefId=\"2\" /&gt;\r\n          &lt;Ref N=\"PSProvider\" RefId=\"5\" /&gt;\r\n          &lt;B N=\"PSIsContainer\"&gt;false&lt;/B&gt;\r\n          &lt;S N=\"Name\"&gt;OneDriveConsumer&lt;/S&gt;\r\n        &lt;/MS&gt;\r\n      &lt;/Obj&gt;\r\n      &lt;Obj RefId=\"27\"&gt;\r\n        &lt;TNRef RefId=\"1\" /&gt;\r\n        &lt;ToString&gt;System.Collections.DictionaryEntry&lt;/ToString&gt;\r\n        &lt;Props&gt;\r\n          &lt;S N=\"Key\"&gt;OS&lt;/S&gt;\r\n          &lt;S N=\"Value\"&gt;Windows_NT&lt;/S&gt;\r\n        &lt;/Props&gt;\r\n        &lt;MS&gt;\r\n          &lt;S N=\"PSPath\"&gt;Microsoft.PowerShell.Core\\Environment::OS&lt;/S&gt;\r\n          &lt;Ref N=\"PSDrive\" RefId=\"2\" /&gt;\r\n          &lt;Ref N=\"PSProvider\" RefId=\"5\" /&gt;\r\n          &lt;B N=\"PSIsContainer\"&gt;false&lt;/B&gt;\r\n          &lt;S N=\"Name\"&gt;OS&lt;/S&gt;\r\n        &lt;/MS&gt;\r\n      &lt;/Obj&gt;\r\n      &lt;Obj RefId=\"28\"&gt;\r\n        &lt;TNRef RefId=\"1\" /&gt;\r\n        &lt;ToString&gt;System.Collections.DictionaryEntry&lt;/ToString&gt;\r\n        &lt;Props&gt;\r\n          &lt;S N=\"Key\"&gt;Path&lt;/S&gt;\r\n          &lt;S N=\"Value\"&gt;D:\\tools\\WPy-3670\\python-3.6.7\\Lib\\site-packages\\PyQt5;D:\\tools\\WPy-3670\\python-3.6.7\\Lib\\site-packages\\PyQt4;D:\\tools\\WPy-3670\\python-3.6.7\\Lib\\site-packages\\PySide2;D:\\tools\\WPy-3670\\python-3.6.7\\;D:\\tools\\WPy-3670\\python-3.6.7\\DLLs;D:\\tools\\WPy-3670\\python-3.6.7\\Scripts;D:\\tools\\WPy-3670\\python-3.6.7\\..\\t;D:\\tools\\WPy-3670\\python-3.6.7\\..\\t\\mingw32\\bin;D:\\tools\\WPy-3670\\python-3.6.7\\..\\t\\R\\bin\\i386;D:\\tools\\WPy-3670\\python-3.6.7\\..\\t\\Julia\\bin;D:\\tools\\WPy-3670\\python-3.6.7\\..\\t\\n;C:\\Users\\bruno\\AppData\\Roaming\\python\\python36\\Scripts;D:\\tools\\git\\bin;D:\\tools\\hugo;D:\\tools\\node-v8.12.0;D:\\tools\\vscode;D:\\tools\\putty;D:\\tools\\wscite;C:\\Program Files (x86)\\Microsoft SDKs\\Azure\\CLI2\\wbin;C:\\ProgramData\\Oracle\\Java\\javapath;C:\\Program Files (x86)\\Intel\\iCLS Client\\;C:\\Program Files\\Intel\\iCLS Client\\;C:\\Windows\\system32;C:\\Windows;C:\\Windows\\System32\\Wbem;C:\\Windows\\System32\\WindowsPowerShell\\v1.0\\;C:\\Program Files\\Intel\\WiFi\\bin\\;C:\\Program Files\\Common Files\\Intel\\WirelessCommon\\;C:\\Program Files (x86)\\NVIDIA Corporation\\PhysX\\Common;C:\\Program Files (x86)\\Intel\\Intel(R) Management Engine Components\\DAL;C:\\Program Files\\Intel\\Intel(R) Management Engine Components\\DAL;C:\\Program Files (x86)\\Intel\\Intel(R) Management Engine Components\\IPT;C:\\Program Files\\Intel\\Intel(R) Management Engine Components\\IPT;C:\\Users\\bruno\\.dnx\\bin;C:\\Program Files\\Microsoft DNX\\Dnvm\\;C:\\Program Files\\Microsoft SQL Server\\130\\Tools\\Binn\\;C:\\WINDOWS\\system32;C:\\WINDOWS;C:\\WINDOWS\\System32\\Wbem;C:\\WINDOWS\\System32\\WindowsPowerShell\\v1.0\\;C:\\Program Files (x86)\\Windows Kits\\8.1\\Windows Performance Toolkit\\;C:\\WINDOWS\\System32\\OpenSSH\\;C:\\Program Files\\dotnet\\;C:\\Program Files\\Microsoft SQL Server\\Client SDK\\ODBC\\170\\Tools\\Binn\\;D:\\tools\\WPy-3670\\settings\\.poetry\\bin;C:\\Users\\bruno\\AppData\\Local\\Microsoft\\WindowsApps;C:\\Users\\bruno\\.dotnet\\tools;C:\\Users\\bruno\\AppData\\Local\\GitHubDesktop\\bin;C:\\Program Files\\JetBrains\\PyCharm Community Edition 2019.1.1\\bin;;C:\\Users\\bruno\\AppData\\Local\\Microsoft\\WindowsApps;C:\\Users\\bruno\\AppData\\Local\\Google\\Cloud SDK\\google-cloud-sdk\\bin;D:\\tools\\Multipass\\bin;&lt;/S&gt;\r\n        &lt;/Props&gt;\r\n        &lt;MS&gt;\r\n          &lt;S N=\"PSPath\"&gt;Microsoft.PowerShell.Core\\Environment::Path&lt;/S&gt;\r\n          &lt;Ref N=\"PSDrive\" RefId=\"2\" /&gt;\r\n          &lt;Ref N=\"PSProvider\" RefId=\"5\" /&gt;\r\n          &lt;B N=\"PSIsContainer\"&gt;false&lt;/B&gt;\r\n          &lt;S N=\"Name\"&gt;Path&lt;/S&gt;\r\n        &lt;/MS&gt;\r\n      &lt;/Obj&gt;\r\n      &lt;Obj RefId=\"29\"&gt;\r\n        &lt;TNRef RefId=\"1\" /&gt;\r\n        &lt;ToString&gt;System.Collections.DictionaryEntry&lt;/ToString&gt;\r\n        &lt;Props&gt;\r\n          &lt;S N=\"Key\"&gt;PATHEXT&lt;/S&gt;\r\n          &lt;S N=\"Value\"&gt;.COM;.EXE;.BAT;.CMD;.VBS;.VBE;.JS;.JSE;.WSF;.WSH;.MSC;.CPL&lt;/S&gt;\r\n        &lt;/Props&gt;\r\n        &lt;MS&gt;\r\n          &lt;S N=\"PSPath\"&gt;Microsoft.PowerShell.Core\\Environment::PATHEXT&lt;/S&gt;\r\n          &lt;Ref N=\"PSDrive\" RefId=\"2\" /&gt;\r\n          &lt;Ref N=\"PSProvider\" RefId=\"5\" /&gt;\r\n          &lt;B N=\"PSIsContainer\"&gt;false&lt;/B&gt;\r\n          &lt;S N=\"Name\"&gt;PATHEXT&lt;/S&gt;\r\n        &lt;/MS&gt;\r\n      &lt;/Obj&gt;\r\n      &lt;Obj RefId=\"30\"&gt;\r\n        &lt;TNRef RefId=\"1\" /&gt;\r\n        &lt;ToString&gt;System.Collections.DictionaryEntry&lt;/ToString&gt;\r\n        &lt;Props&gt;\r\n          &lt;S N=\"Key\"&gt;PROCESSOR_ARCHITECTURE&lt;/S&gt;\r\n          &lt;S N=\"Value\"&gt;AMD64&lt;/S&gt;\r\n        &lt;/Props&gt;\r\n        &lt;MS&gt;\r\n          &lt;S N=\"PSPath\"&gt;Microsoft.PowerShell.Core\\Environment::PROCESSOR_ARCHITECTURE&lt;/S&gt;\r\n          &lt;Ref N=\"PSDrive\" RefId=\"2\" /&gt;\r\n          &lt;Ref N=\"PSProvider\" RefId=\"5\" /&gt;\r\n          &lt;B N=\"PSIsContainer\"&gt;false&lt;/B&gt;\r\n          &lt;S N=\"Name\"&gt;PROCESSOR_ARCHITECTURE&lt;/S&gt;\r\n        &lt;/MS&gt;\r\n      &lt;/Obj&gt;\r\n      &lt;Obj RefId=\"31\"&gt;\r\n        &lt;TNRef RefId=\"1\" /&gt;\r\n        &lt;ToString&gt;System.Collections.DictionaryEntry&lt;/ToString&gt;\r\n        &lt;Props&gt;\r\n          &lt;S N=\"Key\"&gt;PROCESSOR_IDENTIFIER&lt;/S&gt;\r\n          &lt;S N=\"Value\"&gt;Intel64 Family 6 Model 94 Stepping 3, GenuineIntel&lt;/S&gt;\r\n        &lt;/Props&gt;\r\n        &lt;MS&gt;\r\n          &lt;S N=\"PSPath\"&gt;Microsoft.PowerShell.Core\\Environment::PROCESSOR_IDENTIFIER&lt;/S&gt;\r\n          &lt;Ref N=\"PSDrive\" RefId=\"2\" /&gt;\r\n          &lt;Ref N=\"PSProvider\" RefId=\"5\" /&gt;\r\n          &lt;B N=\"PSIsContainer\"&gt;false&lt;/B&gt;\r\n          &lt;S N=\"Name\"&gt;PROCESSOR_IDENTIFIER&lt;/S&gt;\r\n        &lt;/MS&gt;\r\n      &lt;/Obj&gt;\r\n      &lt;Obj RefId=\"32\"&gt;\r\n        &lt;TNRef RefId=\"1\" /&gt;\r\n        &lt;ToString&gt;System.Collections.DictionaryEntry&lt;/ToString&gt;\r\n        &lt;Props&gt;\r\n          &lt;S N=\"Key\"&gt;PROCESSOR_LEVEL&lt;/S&gt;\r\n          &lt;S N=\"Value\"&gt;6&lt;/S&gt;\r\n        &lt;/Props&gt;\r\n        &lt;MS&gt;\r\n          &lt;S N=\"PSPath\"&gt;Microsoft.PowerShell.Core\\Environment::PROCESSOR_LEVEL&lt;/S&gt;\r\n          &lt;Ref N=\"PSDrive\" RefId=\"2\" /&gt;\r\n          &lt;Ref N=\"PSProvider\" RefId=\"5\" /&gt;\r\n          &lt;B N=\"PSIsContainer\"&gt;false&lt;/B&gt;\r\n          &lt;S N=\"Name\"&gt;PROCESSOR_LEVEL&lt;/S&gt;\r\n        &lt;/MS&gt;\r\n      &lt;/Obj&gt;\r\n      &lt;Obj RefId=\"33\"&gt;\r\n        &lt;TNRef RefId=\"1\" /&gt;\r\n        &lt;ToString&gt;System.Collections.DictionaryEntry&lt;/ToString&gt;\r\n        &lt;Props&gt;\r\n          &lt;S N=\"Key\"&gt;PROCESSOR_REVISION&lt;/S&gt;\r\n          &lt;S N=\"Value\"&gt;5e03&lt;/S&gt;\r\n        &lt;/Props&gt;\r\n        &lt;MS&gt;\r\n          &lt;S N=\"PSPath\"&gt;Microsoft.PowerShell.Core\\Environment::PROCESSOR_REVISION&lt;/S&gt;\r\n          &lt;Ref N=\"PSDrive\" RefId=\"2\" /&gt;\r\n          &lt;Ref N=\"PSProvider\" RefId=\"5\" /&gt;\r\n          &lt;B N=\"PSIsContainer\"&gt;false&lt;/B&gt;\r\n          &lt;S N=\"Name\"&gt;PROCESSOR_REVISION&lt;/S&gt;\r\n        &lt;/MS&gt;\r\n      &lt;/Obj&gt;\r\n      &lt;Obj RefId=\"34\"&gt;\r\n        &lt;TNRef RefId=\"1\" /&gt;\r\n        &lt;ToString&gt;System.Collections.DictionaryEntry&lt;/ToString&gt;\r\n        &lt;Props&gt;\r\n          &lt;S N=\"Key\"&gt;ProgramData&lt;/S&gt;\r\n          &lt;S N=\"Value\"&gt;C:\\ProgramData&lt;/S&gt;\r\n        &lt;/Props&gt;\r\n        &lt;MS&gt;\r\n          &lt;S N=\"PSPath\"&gt;Microsoft.PowerShell.Core\\Environment::ProgramData&lt;/S&gt;\r\n          &lt;Ref N=\"PSDrive\" RefId=\"2\" /&gt;\r\n          &lt;Ref N=\"PSProvider\" RefId=\"5\" /&gt;\r\n          &lt;B N=\"PSIsContainer\"&gt;false&lt;/B&gt;\r\n          &lt;S N=\"Name\"&gt;ProgramData&lt;/S&gt;\r\n        &lt;/MS&gt;\r\n      &lt;/Obj&gt;\r\n      &lt;Obj RefId=\"35\"&gt;\r\n        &lt;TNRef RefId=\"1\" /&gt;\r\n        &lt;ToString&gt;System.Collections.DictionaryEntry&lt;/ToString&gt;\r\n        &lt;Props&gt;\r\n          &lt;S N=\"Key\"&gt;ProgramFiles&lt;/S&gt;\r\n          &lt;S N=\"Value\"&gt;C:\\Program Files&lt;/S&gt;\r\n        &lt;/Props&gt;\r\n        &lt;MS&gt;\r\n          &lt;S N=\"PSPath\"&gt;Microsoft.PowerShell.Core\\Environment::ProgramFiles&lt;/S&gt;\r\n          &lt;Ref N=\"PSDrive\" RefId=\"2\" /&gt;\r\n          &lt;Ref N=\"PSProvider\" RefId=\"5\" /&gt;\r\n          &lt;B N=\"PSIsContainer\"&gt;false&lt;/B&gt;\r\n          &lt;S N=\"Name\"&gt;ProgramFiles&lt;/S&gt;\r\n        &lt;/MS&gt;\r\n      &lt;/Obj&gt;\r\n      &lt;Obj RefId=\"36\"&gt;\r\n        &lt;TNRef RefId=\"1\" /&gt;\r\n        &lt;ToString&gt;System.Collections.DictionaryEntry&lt;/ToString&gt;\r\n        &lt;Props&gt;\r\n          &lt;S N=\"Key\"&gt;ProgramFiles(x86)&lt;/S&gt;\r\n          &lt;S N=\"Value\"&gt;C:\\Program Files (x86)&lt;/S&gt;\r\n        &lt;/Props&gt;\r\n        &lt;MS&gt;\r\n          &lt;S N=\"PSPath\"&gt;Microsoft.PowerShell.Core\\Environment::ProgramFiles(x86)&lt;/S&gt;\r\n          &lt;Ref N=\"PSDrive\" RefId=\"2\" /&gt;\r\n          &lt;Ref N=\"PSProvider\" RefId=\"5\" /&gt;\r\n          &lt;B N=\"PSIsContainer\"&gt;false&lt;/B&gt;\r\n          &lt;S N=\"Name\"&gt;ProgramFiles(x86)&lt;/S&gt;\r\n        &lt;/MS&gt;\r\n      &lt;/Obj&gt;\r\n      &lt;Obj RefId=\"37\"&gt;\r\n        &lt;TNRef RefId=\"1\" /&gt;\r\n        &lt;ToString&gt;System.Collections.DictionaryEntry&lt;/ToString&gt;\r\n        &lt;Props&gt;\r\n          &lt;S N=\"Key\"&gt;ProgramW6432&lt;/S&gt;\r\n          &lt;S N=\"Value\"&gt;C:\\Program Files&lt;/S&gt;\r\n        &lt;/Props&gt;\r\n        &lt;MS&gt;\r\n          &lt;S N=\"PSPath\"&gt;Microsoft.PowerShell.Core\\Environment::ProgramW6432&lt;/S&gt;\r\n          &lt;Ref N=\"PSDrive\" RefId=\"2\" /&gt;\r\n          &lt;Ref N=\"PSProvider\" RefId=\"5\" /&gt;\r\n          &lt;B N=\"PSIsContainer\"&gt;false&lt;/B&gt;\r\n          &lt;S N=\"Name\"&gt;ProgramW6432&lt;/S&gt;\r\n        &lt;/MS&gt;\r\n      &lt;/Obj&gt;\r\n      &lt;Obj RefId=\"38\"&gt;\r\n        &lt;TNRef RefId=\"1\" /&gt;\r\n        &lt;ToString&gt;System.Collections.DictionaryEntry&lt;/ToString&gt;\r\n        &lt;Props&gt;\r\n          &lt;S N=\"Key\"&gt;PSExecutionPolicyPreference&lt;/S&gt;\r\n          &lt;S N=\"Value\"&gt;Unrestricted&lt;/S&gt;\r\n        &lt;/Props&gt;\r\n        &lt;MS&gt;\r\n          &lt;S N=\"PSPath\"&gt;Microsoft.PowerShell.Core\\Environment::PSExecutionPolicyPreference&lt;/S&gt;\r\n          &lt;Ref N=\"PSDrive\" RefId=\"2\" /&gt;\r\n          &lt;Ref N=\"PSProvider\" RefId=\"5\" /&gt;\r\n          &lt;B N=\"PSIsContainer\"&gt;false&lt;/B&gt;\r\n          &lt;S N=\"Name\"&gt;PSExecutionPolicyPreference&lt;/S&gt;\r\n        &lt;/MS&gt;\r\n      &lt;/Obj&gt;\r\n      &lt;Obj RefId=\"39\"&gt;\r\n        &lt;TNRef RefId=\"1\" /&gt;\r\n        &lt;ToString&gt;System.Collections.DictionaryEntry&lt;/ToString&gt;\r\n        &lt;Props&gt;\r\n          &lt;S N=\"Key\"&gt;PSModulePath&lt;/S&gt;\r\n          &lt;S N=\"Value\"&gt;C:\\Users\\bruno\\OneDrive\\Documents\\PowerShell\\Modules;C:\\Program Files\\PowerShell\\Modules;f:\\projects\\fsharp-projects\\folaris\\folaris\\bin\\debug\\netcoreapp3.1\\runtimes\\win\\lib\\netcoreapp3.1\\Modules;;C:\\Users\\bruno\\AppData\\Local\\Google\\Cloud SDK\\google-cloud-sdk\\platform\\PowerShell;C:\\Program Files\\WindowsPowerShell\\Modules;C:\\WINDOWS\\system32\\WindowsPowerShell\\v1.0\\Modules&lt;/S&gt;\r\n        &lt;/Props&gt;\r\n        &lt;MS&gt;\r\n          &lt;S N=\"PSPath\"&gt;Microsoft.PowerShell.Core\\Environment::PSModulePath&lt;/S&gt;\r\n          &lt;Ref N=\"PSDrive\" RefId=\"2\" /&gt;\r\n          &lt;Ref N=\"PSProvider\" RefId=\"5\" /&gt;\r\n          &lt;B N=\"PSIsContainer\"&gt;false&lt;/B&gt;\r\n          &lt;S N=\"Name\"&gt;PSModulePath&lt;/S&gt;\r\n        &lt;/MS&gt;\r\n      &lt;/Obj&gt;\r\n      &lt;Obj RefId=\"40\"&gt;\r\n        &lt;TNRef RefId=\"1\" /&gt;\r\n        &lt;ToString&gt;System.Collections.DictionaryEntry&lt;/ToString&gt;\r\n        &lt;Props&gt;\r\n          &lt;S N=\"Key\"&gt;PUBLIC&lt;/S&gt;\r\n          &lt;S N=\"Value\"&gt;C:\\Users\\Public&lt;/S&gt;\r\n        &lt;/Props&gt;\r\n        &lt;MS&gt;\r\n          &lt;S N=\"PSPath\"&gt;Microsoft.PowerShell.Core\\Environment::PUBLIC&lt;/S&gt;\r\n          &lt;Ref N=\"PSDrive\" RefId=\"2\" /&gt;\r\n          &lt;Ref N=\"PSProvider\" RefId=\"5\" /&gt;\r\n          &lt;B N=\"PSIsContainer\"&gt;false&lt;/B&gt;\r\n          &lt;S N=\"Name\"&gt;PUBLIC&lt;/S&gt;\r\n        &lt;/MS&gt;\r\n      &lt;/Obj&gt;\r\n      &lt;Obj RefId=\"41\"&gt;\r\n        &lt;TNRef RefId=\"1\" /&gt;\r\n        &lt;ToString&gt;System.Collections.DictionaryEntry&lt;/ToString&gt;\r\n        &lt;Props&gt;\r\n          &lt;S N=\"Key\"&gt;PyCharm Community Edition&lt;/S&gt;\r\n          &lt;S N=\"Value\"&gt;C:\\Program Files\\JetBrains\\PyCharm Community Edition 2019.1.1\\bin;&lt;/S&gt;\r\n        &lt;/Props&gt;\r\n        &lt;MS&gt;\r\n          &lt;S N=\"PSPath\"&gt;Microsoft.PowerShell.Core\\Environment::PyCharm Community Edition&lt;/S&gt;\r\n          &lt;Ref N=\"PSDrive\" RefId=\"2\" /&gt;\r\n          &lt;Ref N=\"PSProvider\" RefId=\"5\" /&gt;\r\n          &lt;B N=\"PSIsContainer\"&gt;false&lt;/B&gt;\r\n          &lt;S N=\"Name\"&gt;PyCharm Community Edition&lt;/S&gt;\r\n        &lt;/MS&gt;\r\n      &lt;/Obj&gt;\r\n      &lt;Obj RefId=\"42\"&gt;\r\n        &lt;TNRef RefId=\"1\" /&gt;\r\n        &lt;ToString&gt;System.Collections.DictionaryEntry&lt;/ToString&gt;\r\n        &lt;Props&gt;\r\n          &lt;S N=\"Key\"&gt;QT_API&lt;/S&gt;\r\n          &lt;S N=\"Value\"&gt;pyqt5&lt;/S&gt;\r\n        &lt;/Props&gt;\r\n        &lt;MS&gt;\r\n          &lt;S N=\"PSPath\"&gt;Microsoft.PowerShell.Core\\Environment::QT_API&lt;/S&gt;\r\n          &lt;Ref N=\"PSDrive\" RefId=\"2\" /&gt;\r\n          &lt;Ref N=\"PSProvider\" RefId=\"5\" /&gt;\r\n          &lt;B N=\"PSIsContainer\"&gt;false&lt;/B&gt;\r\n          &lt;S N=\"Name\"&gt;QT_API&lt;/S&gt;\r\n        &lt;/MS&gt;\r\n      &lt;/Obj&gt;\r\n      &lt;Obj RefId=\"43\"&gt;\r\n        &lt;TNRef RefId=\"1\" /&gt;\r\n        &lt;ToString&gt;System.Collections.DictionaryEntry&lt;/ToString&gt;\r\n        &lt;Props&gt;\r\n          &lt;S N=\"Key\"&gt;SESSIONNAME&lt;/S&gt;\r\n          &lt;S N=\"Value\"&gt;Console&lt;/S&gt;\r\n        &lt;/Props&gt;\r\n        &lt;MS&gt;\r\n          &lt;S N=\"PSPath\"&gt;Microsoft.PowerShell.Core\\Environment::SESSIONNAME&lt;/S&gt;\r\n          &lt;Ref N=\"PSDrive\" RefId=\"2\" /&gt;\r\n          &lt;Ref N=\"PSProvider\" RefId=\"5\" /&gt;\r\n          &lt;B N=\"PSIsContainer\"&gt;false&lt;/B&gt;\r\n          &lt;S N=\"Name\"&gt;SESSIONNAME&lt;/S&gt;\r\n        &lt;/MS&gt;\r\n      &lt;/Obj&gt;\r\n      &lt;Obj RefId=\"44\"&gt;\r\n        &lt;TNRef RefId=\"1\" /&gt;\r\n        &lt;ToString&gt;System.Collections.DictionaryEntry&lt;/ToString&gt;\r\n        &lt;Props&gt;\r\n          &lt;S N=\"Key\"&gt;SystemDrive&lt;/S&gt;\r\n          &lt;S N=\"Value\"&gt;C:&lt;/S&gt;\r\n        &lt;/Props&gt;\r\n        &lt;MS&gt;\r\n          &lt;S N=\"PSPath\"&gt;Microsoft.PowerShell.Core\\Environment::SystemDrive&lt;/S&gt;\r\n          &lt;Ref N=\"PSDrive\" RefId=\"2\" /&gt;\r\n          &lt;Ref N=\"PSProvider\" RefId=\"5\" /&gt;\r\n          &lt;B N=\"PSIsContainer\"&gt;false&lt;/B&gt;\r\n          &lt;S N=\"Name\"&gt;SystemDrive&lt;/S&gt;\r\n        &lt;/MS&gt;\r\n      &lt;/Obj&gt;\r\n      &lt;Obj RefId=\"45\"&gt;\r\n        &lt;TNRef RefId=\"1\" /&gt;\r\n        &lt;ToString&gt;System.Collections.DictionaryEntry&lt;/ToString&gt;\r\n        &lt;Props&gt;\r\n          &lt;S N=\"Key\"&gt;SystemRoot&lt;/S&gt;\r\n          &lt;S N=\"Value\"&gt;C:\\WINDOWS&lt;/S&gt;\r\n        &lt;/Props&gt;\r\n        &lt;MS&gt;\r\n          &lt;S N=\"PSPath\"&gt;Microsoft.PowerShell.Core\\Environment::SystemRoot&lt;/S&gt;\r\n          &lt;Ref N=\"PSDrive\" RefId=\"2\" /&gt;\r\n          &lt;Ref N=\"PSProvider\" RefId=\"5\" /&gt;\r\n          &lt;B N=\"PSIsContainer\"&gt;false&lt;/B&gt;\r\n          &lt;S N=\"Name\"&gt;SystemRoot&lt;/S&gt;\r\n        &lt;/MS&gt;\r\n      &lt;/Obj&gt;\r\n      &lt;Obj RefId=\"46\"&gt;\r\n        &lt;TNRef RefId=\"1\" /&gt;\r\n        &lt;ToString&gt;System.Collections.DictionaryEntry&lt;/ToString&gt;\r\n        &lt;Props&gt;\r\n          &lt;S N=\"Key\"&gt;TEMP&lt;/S&gt;\r\n          &lt;S N=\"Value\"&gt;C:\\Users\\bruno\\AppData\\Local\\Temp&lt;/S&gt;\r\n        &lt;/Props&gt;\r\n        &lt;MS&gt;\r\n          &lt;S N=\"PSPath\"&gt;Microsoft.PowerShell.Core\\Environment::TEMP&lt;/S&gt;\r\n          &lt;Ref N=\"PSDrive\" RefId=\"2\" /&gt;\r\n          &lt;Ref N=\"PSProvider\" RefId=\"5\" /&gt;\r\n          &lt;B N=\"PSIsContainer\"&gt;false&lt;/B&gt;\r\n          &lt;S N=\"Name\"&gt;TEMP&lt;/S&gt;\r\n        &lt;/MS&gt;\r\n      &lt;/Obj&gt;\r\n      &lt;Obj RefId=\"47\"&gt;\r\n        &lt;TNRef RefId=\"1\" /&gt;\r\n        &lt;ToString&gt;System.Collections.DictionaryEntry&lt;/ToString&gt;\r\n        &lt;Props&gt;\r\n          &lt;S N=\"Key\"&gt;TMP&lt;/S&gt;\r\n          &lt;S N=\"Value\"&gt;C:\\Users\\bruno\\AppData\\Local\\Temp&lt;/S&gt;\r\n        &lt;/Props&gt;\r\n        &lt;MS&gt;\r\n          &lt;S N=\"PSPath\"&gt;Microsoft.PowerShell.Core\\Environment::TMP&lt;/S&gt;\r\n          &lt;Ref N=\"PSDrive\" RefId=\"2\" /&gt;\r\n          &lt;Ref N=\"PSProvider\" RefId=\"5\" /&gt;\r\n          &lt;B N=\"PSIsContainer\"&gt;false&lt;/B&gt;\r\n          &lt;S N=\"Name\"&gt;TMP&lt;/S&gt;\r\n        &lt;/MS&gt;\r\n      &lt;/Obj&gt;\r\n      &lt;Obj RefId=\"48\"&gt;\r\n        &lt;TNRef RefId=\"1\" /&gt;\r\n        &lt;ToString&gt;System.Collections.DictionaryEntry&lt;/ToString&gt;\r\n        &lt;Props&gt;\r\n          &lt;S N=\"Key\"&gt;tmp_pyz&lt;/S&gt;\r\n          &lt;S N=\"Value\"&gt;D:\\tools\\WPy-3670\\settings\\.pyzo\\config.ssdf&lt;/S&gt;\r\n        &lt;/Props&gt;\r\n        &lt;MS&gt;\r\n          &lt;S N=\"PSPath\"&gt;Microsoft.PowerShell.Core\\Environment::tmp_pyz&lt;/S&gt;\r\n          &lt;Ref N=\"PSDrive\" RefId=\"2\" /&gt;\r\n          &lt;Ref N=\"PSProvider\" RefId=\"5\" /&gt;\r\n          &lt;B N=\"PSIsContainer\"&gt;false&lt;/B&gt;\r\n          &lt;S N=\"Name\"&gt;tmp_pyz&lt;/S&gt;\r\n        &lt;/MS&gt;\r\n      &lt;/Obj&gt;\r\n      &lt;Obj RefId=\"49\"&gt;\r\n        &lt;TNRef RefId=\"1\" /&gt;\r\n        &lt;ToString&gt;System.Collections.DictionaryEntry&lt;/ToString&gt;\r\n        &lt;Props&gt;\r\n          &lt;S N=\"Key\"&gt;USERDOMAIN&lt;/S&gt;\r\n          &lt;S N=\"Value\"&gt;DESKTOP-K199TTS&lt;/S&gt;\r\n        &lt;/Props&gt;\r\n        &lt;MS&gt;\r\n          &lt;S N=\"PSPath\"&gt;Microsoft.PowerShell.Core\\Environment::USERDOMAIN&lt;/S&gt;\r\n          &lt;Ref N=\"PSDrive\" RefId=\"2\" /&gt;\r\n          &lt;Ref N=\"PSProvider\" RefId=\"5\" /&gt;\r\n          &lt;B N=\"PSIsContainer\"&gt;false&lt;/B&gt;\r\n          &lt;S N=\"Name\"&gt;USERDOMAIN&lt;/S&gt;\r\n        &lt;/MS&gt;\r\n      &lt;/Obj&gt;\r\n      &lt;Obj RefId=\"50\"&gt;\r\n        &lt;TNRef RefId=\"1\" /&gt;\r\n        &lt;ToString&gt;System.Collections.DictionaryEntry&lt;/ToString&gt;\r\n        &lt;Props&gt;\r\n          &lt;S N=\"Key\"&gt;USERDOMAIN_ROAMINGPROFILE&lt;/S&gt;\r\n          &lt;S N=\"Value\"&gt;DESKTOP-K199TTS&lt;/S&gt;\r\n        &lt;/Props&gt;\r\n        &lt;MS&gt;\r\n          &lt;S N=\"PSPath\"&gt;Microsoft.PowerShell.Core\\Environment::USERDOMAIN_ROAMINGPROFILE&lt;/S&gt;\r\n          &lt;Ref N=\"PSDrive\" RefId=\"2\" /&gt;\r\n          &lt;Ref N=\"PSProvider\" RefId=\"5\" /&gt;\r\n          &lt;B N=\"PSIsContainer\"&gt;false&lt;/B&gt;\r\n          &lt;S N=\"Name\"&gt;USERDOMAIN_ROAMINGPROFILE&lt;/S&gt;\r\n        &lt;/MS&gt;\r\n      &lt;/Obj&gt;\r\n      &lt;Obj RefId=\"51\"&gt;\r\n        &lt;TNRef RefId=\"1\" /&gt;\r\n        &lt;ToString&gt;System.Collections.DictionaryEntry&lt;/ToString&gt;\r\n        &lt;Props&gt;\r\n          &lt;S N=\"Key\"&gt;USERNAME&lt;/S&gt;\r\n          &lt;S N=\"Value\"&gt;bruno&lt;/S&gt;\r\n        &lt;/Props&gt;\r\n        &lt;MS&gt;\r\n          &lt;S N=\"PSPath\"&gt;Microsoft.PowerShell.Core\\Environment::USERNAME&lt;/S&gt;\r\n          &lt;Ref N=\"PSDrive\" RefId=\"2\" /&gt;\r\n          &lt;Ref N=\"PSProvider\" RefId=\"5\" /&gt;\r\n          &lt;B N=\"PSIsContainer\"&gt;false&lt;/B&gt;\r\n          &lt;S N=\"Name\"&gt;USERNAME&lt;/S&gt;\r\n        &lt;/MS&gt;\r\n      &lt;/Obj&gt;\r\n      &lt;Obj RefId=\"52\"&gt;\r\n        &lt;TNRef RefId=\"1\" /&gt;\r\n        &lt;ToString&gt;System.Collections.DictionaryEntry&lt;/ToString&gt;\r\n        &lt;Props&gt;\r\n          &lt;S N=\"Key\"&gt;USERPROFILE&lt;/S&gt;\r\n          &lt;S N=\"Value\"&gt;C:\\Users\\bruno&lt;/S&gt;\r\n        &lt;/Props&gt;\r\n        &lt;MS&gt;\r\n          &lt;S N=\"PSPath\"&gt;Microsoft.PowerShell.Core\\Environment::USERPROFILE&lt;/S&gt;\r\n          &lt;Ref N=\"PSDrive\" RefId=\"2\" /&gt;\r\n          &lt;Ref N=\"PSProvider\" RefId=\"5\" /&gt;\r\n          &lt;B N=\"PSIsContainer\"&gt;false&lt;/B&gt;\r\n          &lt;S N=\"Name\"&gt;USERPROFILE&lt;/S&gt;\r\n        &lt;/MS&gt;\r\n      &lt;/Obj&gt;\r\n      &lt;Obj RefId=\"53\"&gt;\r\n        &lt;TNRef RefId=\"1\" /&gt;\r\n        &lt;ToString&gt;System.Collections.DictionaryEntry&lt;/ToString&gt;\r\n        &lt;Props&gt;\r\n          &lt;S N=\"Key\"&gt;VS140COMNTOOLS&lt;/S&gt;\r\n          &lt;S N=\"Value\"&gt;D:\\Program Files (x86)\\Microsoft Visual Studio 14.0\\Common7\\Tools\\&lt;/S&gt;\r\n        &lt;/Props&gt;\r\n        &lt;MS&gt;\r\n          &lt;S N=\"PSPath\"&gt;Microsoft.PowerShell.Core\\Environment::VS140COMNTOOLS&lt;/S&gt;\r\n          &lt;Ref N=\"PSDrive\" RefId=\"2\" /&gt;\r\n          &lt;Ref N=\"PSProvider\" RefId=\"5\" /&gt;\r\n          &lt;B N=\"PSIsContainer\"&gt;false&lt;/B&gt;\r\n          &lt;S N=\"Name\"&gt;VS140COMNTOOLS&lt;/S&gt;\r\n        &lt;/MS&gt;\r\n      &lt;/Obj&gt;\r\n      &lt;Obj RefId=\"54\"&gt;\r\n        &lt;TNRef RefId=\"1\" /&gt;\r\n        &lt;ToString&gt;System.Collections.DictionaryEntry&lt;/ToString&gt;\r\n        &lt;Props&gt;\r\n          &lt;S N=\"Key\"&gt;windir&lt;/S&gt;\r\n          &lt;S N=\"Value\"&gt;C:\\WINDOWS&lt;/S&gt;\r\n        &lt;/Props&gt;\r\n        &lt;MS&gt;\r\n          &lt;S N=\"PSPath\"&gt;Microsoft.PowerShell.Core\\Environment::windir&lt;/S&gt;\r\n          &lt;Ref N=\"PSDrive\" RefId=\"2\" /&gt;\r\n          &lt;Ref N=\"PSProvider\" RefId=\"5\" /&gt;\r\n          &lt;B N=\"PSIsContainer\"&gt;false&lt;/B&gt;\r\n          &lt;S N=\"Name\"&gt;windir&lt;/S&gt;\r\n        &lt;/MS&gt;\r\n      &lt;/Obj&gt;\r\n      &lt;Obj RefId=\"55\"&gt;\r\n        &lt;TNRef RefId=\"1\" /&gt;\r\n        &lt;ToString&gt;System.Collections.DictionaryEntry&lt;/ToString&gt;\r\n        &lt;Props&gt;\r\n          &lt;S N=\"Key\"&gt;WINPYARCH&lt;/S&gt;\r\n          &lt;S N=\"Value\"&gt;WIN32&lt;/S&gt;\r\n        &lt;/Props&gt;\r\n        &lt;MS&gt;\r\n          &lt;S N=\"PSPath\"&gt;Microsoft.PowerShell.Core\\Environment::WINPYARCH&lt;/S&gt;\r\n          &lt;Ref N=\"PSDrive\" RefId=\"2\" /&gt;\r\n          &lt;Ref N=\"PSProvider\" RefId=\"5\" /&gt;\r\n          &lt;B N=\"PSIsContainer\"&gt;false&lt;/B&gt;\r\n          &lt;S N=\"Name\"&gt;WINPYARCH&lt;/S&gt;\r\n        &lt;/MS&gt;\r\n      &lt;/Obj&gt;\r\n      &lt;Obj RefId=\"56\"&gt;\r\n        &lt;TNRef RefId=\"1\" /&gt;\r\n        &lt;ToString&gt;System.Collections.DictionaryEntry&lt;/ToString&gt;\r\n        &lt;Props&gt;\r\n          &lt;S N=\"Key\"&gt;WINPYDIR&lt;/S&gt;\r\n          &lt;S N=\"Value\"&gt;D:\\tools\\WPy-3670\\python-3.6.7&lt;/S&gt;\r\n        &lt;/Props&gt;\r\n        &lt;MS&gt;\r\n          &lt;S N=\"PSPath\"&gt;Microsoft.PowerShell.Core\\Environment::WINPYDIR&lt;/S&gt;\r\n          &lt;Ref N=\"PSDrive\" RefId=\"2\" /&gt;\r\n          &lt;Ref N=\"PSProvider\" RefId=\"5\" /&gt;\r\n          &lt;B N=\"PSIsContainer\"&gt;false&lt;/B&gt;\r\n          &lt;S N=\"Name\"&gt;WINPYDIR&lt;/S&gt;\r\n        &lt;/MS&gt;\r\n      &lt;/Obj&gt;\r\n      &lt;Obj RefId=\"57\"&gt;\r\n        &lt;TNRef RefId=\"1\" /&gt;\r\n        &lt;ToString&gt;System.Collections.DictionaryEntry&lt;/ToString&gt;\r\n        &lt;Props&gt;\r\n          &lt;S N=\"Key\"&gt;winpython_ini&lt;/S&gt;\r\n          &lt;S N=\"Value\"&gt;D:\\tools\\WPy-3670\\python-3.6.7\\..\\settings\\winpython.ini&lt;/S&gt;\r\n        &lt;/Props&gt;\r\n        &lt;MS&gt;\r\n          &lt;S N=\"PSPath\"&gt;Microsoft.PowerShell.Core\\Environment::winpython_ini&lt;/S&gt;\r\n          &lt;Ref N=\"PSDrive\" RefId=\"2\" /&gt;\r\n          &lt;Ref N=\"PSProvider\" RefId=\"5\" /&gt;\r\n          &lt;B N=\"PSIsContainer\"&gt;false&lt;/B&gt;\r\n          &lt;S N=\"Name\"&gt;winpython_ini&lt;/S&gt;\r\n        &lt;/MS&gt;\r\n      &lt;/Obj&gt;\r\n      &lt;Obj RefId=\"58\"&gt;\r\n        &lt;TNRef RefId=\"1\" /&gt;\r\n        &lt;ToString&gt;System.Collections.DictionaryEntry&lt;/ToString&gt;\r\n        &lt;Props&gt;\r\n          &lt;S N=\"Key\"&gt;WINPYVER&lt;/S&gt;\r\n          &lt;S N=\"Value\"&gt;3.6.7.0Qt5&lt;/S&gt;\r\n        &lt;/Props&gt;\r\n        &lt;MS&gt;\r\n          &lt;S N=\"PSPath\"&gt;Microsoft.PowerShell.Core\\Environment::WINPYVER&lt;/S&gt;\r\n          &lt;Ref N=\"PSDrive\" RefId=\"2\" /&gt;\r\n          &lt;Ref N=\"PSProvider\" RefId=\"5\" /&gt;\r\n          &lt;B N=\"PSIsContainer\"&gt;false&lt;/B&gt;\r\n          &lt;S N=\"Name\"&gt;WINPYVER&lt;/S&gt;\r\n        &lt;/MS&gt;\r\n      &lt;/Obj&gt;\r\n    &lt;/LST&gt;\r\n  &lt;/Obj&gt;\r\n&lt;/Objs&gt;","info":"&lt;Objs Version=\"1.1.0.1\" xmlns=\"http://schemas.microsoft.com/powershell/2004/04\"&gt;\r\n  &lt;Obj RefId=\"0\"&gt;\r\n    &lt;TN RefId=\"0\"&gt;\r\n      &lt;T&gt;System.Management.Automation.PSDataCollection`1[[System.Management.Automation.InformationRecord, System.Management.Automation, Version=7.0.0.0, Culture=neutral, PublicKeyToken=31bf3856ad364e35]]&lt;/T&gt;\r\n      &lt;T&gt;System.Object&lt;/T&gt;\r\n    &lt;/TN&gt;\r\n    &lt;LST /&gt;\r\n  &lt;/Obj&gt;\r\n&lt;/Objs&gt;"}</StdOut>
      </Output>
    </UnitTestResult>
    <UnitTestResult executionId="410c1189-d9d1-4b74-8fce-121e3c657bd6" testId="fe248b07-632d-61b2-3236-cfa2fdd8ff39" testName="Tests+FolarisTest.Test a few few more commands (cmd: &quot;[System.AppDomain]::CurrentDomain.GetAssemblies()|&quot;...)" computerName="DESKTOP-K199TTS" duration="00:00:02.0356012" startTime="2020-02-19T23:03:03.2017912-05:00" endTime="2020-02-19T23:03:03.2018004-05:00" testType="13cdc9d9-ddb5-4fa4-a97d-d965ccfc6d4b" outcome="Passed" testListId="8c84fa94-04c1-424b-9868-57a2d4851a1d" relativeResultsDirectory="410c1189-d9d1-4b74-8fce-121e3c657bd6">
      <Output>
        <StdOut>reply: {"cmd":"[System.AppDomain]::CurrentDomain.GetAssemblies()|select -ExpandProperty Location |select -First 1","outstring":"C:\\Program Files\\dotnet\\shared\\Microsoft.NETCore.App\\3.1.0\\System.Private.CoreLib.dll","status":true,"timeBegin":"2020-02-19T23:03:03.1982065-05:00","timeUsed":0.0009238,"output":"&lt;Objs Version=\"1.1.0.1\" xmlns=\"http://schemas.microsoft.com/powershell/2004/04\"&gt;\r\n  &lt;Obj RefId=\"0\"&gt;\r\n    &lt;TN RefId=\"0\"&gt;\r\n      &lt;T&gt;System.Management.Automation.PSDataCollection`1[[System.Management.Automation.PSObject, System.Management.Automation, Version=7.0.0.0, Culture=neutral, PublicKeyToken=31bf3856ad364e35]]&lt;/T&gt;\r\n      &lt;T&gt;System.Object&lt;/T&gt;\r\n    &lt;/TN&gt;\r\n    &lt;LST&gt;\r\n      &lt;S&gt;C:\\Program Files\\dotnet\\shared\\Microsoft.NETCore.App\\3.1.0\\System.Private.CoreLib.dll&lt;/S&gt;\r\n    &lt;/LST&gt;\r\n  &lt;/Obj&gt;\r\n&lt;/Objs&gt;","info":"&lt;Objs Version=\"1.1.0.1\" xmlns=\"http://schemas.microsoft.com/powershell/2004/04\"&gt;\r\n  &lt;Obj RefId=\"0\"&gt;\r\n    &lt;TN RefId=\"0\"&gt;\r\n      &lt;T&gt;System.Management.Automation.PSDataCollection`1[[System.Management.Automation.InformationRecord, System.Management.Automation, Version=7.0.0.0, Culture=neutral, PublicKeyToken=31bf3856ad364e35]]&lt;/T&gt;\r\n      &lt;T&gt;System.Object&lt;/T&gt;\r\n    &lt;/TN&gt;\r\n    &lt;LST /&gt;\r\n  &lt;/Obj&gt;\r\n&lt;/Objs&gt;"}</StdOut>
      </Output>
    </UnitTestResult>
    <UnitTestResult executionId="eab6317b-4565-4dc9-a3a5-4bd532928396" testId="da80ea17-2d97-e04d-4cb3-2cea214765c5" testName="Tests+FolarisTest.Test a few few more commands (cmd: &quot;gci variable:&quot;)" computerName="DESKTOP-K199TTS" duration="00:00:02.0486410" startTime="2020-02-19T23:03:05.2507953-05:00" endTime="2020-02-19T23:03:05.2507974-05:00" testType="13cdc9d9-ddb5-4fa4-a97d-d965ccfc6d4b" outcome="Passed" testListId="8c84fa94-04c1-424b-9868-57a2d4851a1d" relativeResultsDirectory="eab6317b-4565-4dc9-a3a5-4bd532928396">
      <Output>
        <StdOut>reply: {"cmd":"gci variable:","outstring":"System.Management.Automation.PSVariable\nSystem.Management.Automation.QuestionMarkVariable\nSystem.Management.Automation.PSVariable\nSystem.Management.Automation.LocalVariable\nSystem.Management.Automation.PSVariable\nSystem.Management.Automation.PSVariable\nSystem.Management.Automation.PSVariable\nSystem.Management.Automation.PSVariable\nSystem.Management.Automation.PSVariable\nSystem.Management.Automation.PSVariable\nSystem.Management.Automation.PSVariable\nSystem.Management.Automation.PSVariable\nSystem.Management.Automation.PSVariable\nSystem.Management.Automation.PSVariable\nSystem.Management.Automation.PSVariable\nSystem.Management.Automation.PSVariable\nSystem.Management.Automation.PSVariable\nSystem.Management.Automation.LocalVariable\nSystem.Management.Automation.PSVariable\nSystem.Management.Automation.PSVariable\nSystem.Management.Automation.PSVariable\nSystem.Management.Automation.PSVariable\nSystem.Management.Automation.PSVariable\nSystem.Management.Automation.LocalVariable\nSystem.Management.Automation.PSVariable\nSystem.Management.Automation.NullVariable\nSystem.Management.Automation.PSVariable\nSystem.Management.Automation.PSVariable\nSystem.Management.Automation.PSVariable\nSystem.Management.Automation.LocalVariable\nSystem.Management.Automation.PSCultureVariable\nSystem.Management.Automation.PSVariable\nSystem.Management.Automation.PSVariable\nSystem.Management.Automation.PSVariable\nSystem.Management.Automation.PSVariable\nSystem.Management.Automation.LocalVariable\nSystem.Management.Automation.PSVariable\nSystem.Management.Automation.PSVariable\nSystem.Management.Automation.PSVariable\nSystem.Management.Automation.PSUICultureVariable\nSystem.Management.Automation.PSVariable\nSystem.Management.Automation.PSVariable\nSystem.Management.Automation.PSVariable\nSystem.Management.Automation.PSVariable\nSystem.Management.Automation.PSVariable\nSystem.Management.Automation.PSVariable\nSystem.Management.Automation.PSVariable\nSystem.Management.Automation.PSVariable","status":true,"timeBegin":"2020-02-19T23:03:05.2426677-05:00","timeUsed":0.0009426,"output":"&lt;Objs Version=\"1.1.0.1\" xmlns=\"http://schemas.microsoft.com/powershell/2004/04\"&gt;\r\n  &lt;Obj RefId=\"0\"&gt;\r\n    &lt;TN RefId=\"0\"&gt;\r\n      &lt;T&gt;System.Management.Automation.PSDataCollection`1[[System.Management.Automation.PSObject, System.Management.Automation, Version=7.0.0.0, Culture=neutral, PublicKeyToken=31bf3856ad364e35]]&lt;/T&gt;\r\n      &lt;T&gt;System.Object&lt;/T&gt;\r\n    &lt;/TN&gt;\r\n    &lt;LST&gt;\r\n      &lt;Obj RefId=\"1\"&gt;\r\n        &lt;TN RefId=\"1\"&gt;\r\n          &lt;T&gt;System.Management.Automation.PSVariable&lt;/T&gt;\r\n          &lt;T&gt;System.Object&lt;/T&gt;\r\n        &lt;/TN&gt;\r\n        &lt;ToString&gt;System.Management.Automation.PSVariable&lt;/ToString&gt;\r\n        &lt;Props&gt;\r\n          &lt;S N=\"Name\"&gt;$&lt;/S&gt;\r\n          &lt;S N=\"Description\"&gt;&lt;/S&gt;\r\n          &lt;Nil N=\"Value\" /&gt;\r\n          &lt;S N=\"Visibility\"&gt;Public&lt;/S&gt;\r\n          &lt;Nil N=\"Module\" /&gt;\r\n          &lt;S N=\"ModuleName\"&gt;&lt;/S&gt;\r\n          &lt;S N=\"Options\"&gt;None&lt;/S&gt;\r\n          &lt;Obj N=\"Attributes\" RefId=\"2\"&gt;\r\n            &lt;TN RefId=\"2\"&gt;\r\n              &lt;T&gt;System.Management.Automation.PSVariableAttributeCollection&lt;/T&gt;\r\n              &lt;T&gt;System.Collections.ObjectModel.Collection`1[[System.Attribute, System.Private.CoreLib, Version=4.0.0.0, Culture=neutral, PublicKeyToken=7cec85d7bea7798e]]&lt;/T&gt;\r\n              &lt;T&gt;System.Object&lt;/T&gt;\r\n            &lt;/TN&gt;\r\n            &lt;LST /&gt;\r\n          &lt;/Obj&gt;\r\n        &lt;/Props&gt;\r\n        &lt;MS&gt;\r\n          &lt;S N=\"PSPath\"&gt;Microsoft.PowerShell.Core\\Variable::$&lt;/S&gt;\r\n          &lt;Obj N=\"PSDrive\" RefId=\"3\"&gt;\r\n            &lt;TN RefId=\"3\"&gt;\r\n              &lt;T&gt;System.Management.Automation.PSDriveInfo&lt;/T&gt;\r\n              &lt;T&gt;System.Object&lt;/T&gt;\r\n            &lt;/TN&gt;\r\n            &lt;ToString&gt;Variable&lt;/ToString&gt;\r\n            &lt;Props&gt;\r\n              &lt;S N=\"CurrentLocation\"&gt;&lt;/S&gt;\r\n              &lt;S N=\"Name\"&gt;Variable&lt;/S&gt;\r\n              &lt;Obj N=\"Provider\" RefId=\"4\"&gt;\r\n                &lt;S&gt;Microsoft.PowerShell.Core\\Variable&lt;/S&gt;\r\n              &lt;/Obj&gt;\r\n              &lt;S N=\"Root\"&gt;&lt;/S&gt;\r\n              &lt;S N=\"Description\"&gt;Drive that contains a view of those variables stored in a session state&lt;/S&gt;\r\n              &lt;Nil N=\"MaximumSize\" /&gt;\r\n              &lt;Obj N=\"Credential\" RefId=\"5\"&gt;\r\n                &lt;TN RefId=\"4\"&gt;\r\n                  &lt;T&gt;System.Management.Automation.PSCredential&lt;/T&gt;\r\n                  &lt;T&gt;System.Object&lt;/T&gt;\r\n                &lt;/TN&gt;\r\n                &lt;ToString&gt;System.Management.Automation.PSCredential&lt;/ToString&gt;\r\n                &lt;Props&gt;\r\n                  &lt;Nil N=\"UserName\" /&gt;\r\n                  &lt;Nil N=\"Password\" /&gt;\r\n                &lt;/Props&gt;\r\n              &lt;/Obj&gt;\r\n              &lt;Nil N=\"DisplayRoot\" /&gt;\r\n              &lt;B N=\"VolumeSeparatedByColon\"&gt;true&lt;/B&gt;\r\n            &lt;/Props&gt;\r\n          &lt;/Obj&gt;\r\n          &lt;Obj N=\"PSProvider\" RefId=\"6\"&gt;\r\n            &lt;TN RefId=\"5\"&gt;\r\n              &lt;T&gt;System.Management.Automation.ProviderInfo&lt;/T&gt;\r\n              &lt;T&gt;System.Object&lt;/T&gt;\r\n            &lt;/TN&gt;\r\n            &lt;ToString&gt;Microsoft.PowerShell.Core\\Variable&lt;/ToString&gt;\r\n            &lt;Props&gt;\r\n              &lt;S N=\"ImplementingType\"&gt;Microsoft.PowerShell.Commands.VariableProvider&lt;/S&gt;\r\n              &lt;S N=\"HelpFile\"&gt;System.Management.Automation.dll-Help.xml&lt;/S&gt;\r\n              &lt;S N=\"Name\"&gt;Variable&lt;/S&gt;\r\n              &lt;S N=\"PSSnapIn\"&gt;Microsoft.PowerShell.Core&lt;/S&gt;\r\n              &lt;S N=\"ModuleName\"&gt;Microsoft.PowerShell.Core&lt;/S&gt;\r\n              &lt;Nil N=\"Module\" /&gt;\r\n              &lt;S N=\"Description\"&gt;&lt;/S&gt;\r\n              &lt;S N=\"Capabilities\"&gt;ShouldProcess&lt;/S&gt;\r\n              &lt;S N=\"Home\"&gt;&lt;/S&gt;\r\n              &lt;Obj N=\"Drives\" RefId=\"7\"&gt;\r\n                &lt;TN RefId=\"6\"&gt;\r\n                  &lt;T&gt;System.Collections.ObjectModel.Collection`1[[System.Management.Automation.PSDriveInfo, System.Management.Automation, Version=7.0.0.0, Culture=neutral, PublicKeyToken=31bf3856ad364e35]]&lt;/T&gt;\r\n                  &lt;T&gt;System.Object&lt;/T&gt;\r\n                &lt;/TN&gt;\r\n                &lt;LST&gt;\r\n                  &lt;Ref RefId=\"3\" /&gt;\r\n                &lt;/LST&gt;\r\n              &lt;/Obj&gt;\r\n              &lt;B N=\"VolumeSeparatedByColon\"&gt;true&lt;/B&gt;\r\n              &lt;C N=\"ItemSeparator\"&gt;92&lt;/C&gt;\r\n              &lt;C N=\"AltItemSeparator\"&gt;47&lt;/C&gt;\r\n            &lt;/Props&gt;\r\n          &lt;/Obj&gt;\r\n          &lt;B N=\"PSIsContainer\"&gt;false&lt;/B&gt;\r\n        &lt;/MS&gt;\r\n      &lt;/Obj&gt;\r\n      &lt;Obj RefId=\"8\"&gt;\r\n        &lt;TN RefId=\"7\"&gt;\r\n          &lt;T&gt;System.Management.Automation.QuestionMarkVariable&lt;/T&gt;\r\n          &lt;T&gt;System.Management.Automation.PSVariable&lt;/T&gt;\r\n          &lt;T&gt;System.Object&lt;/T&gt;\r\n        &lt;/TN&gt;\r\n        &lt;ToString&gt;System.Management.Automation.QuestionMarkVariable&lt;/ToString&gt;\r\n        &lt;Props&gt;\r\n          &lt;B N=\"Value\"&gt;true&lt;/B&gt;\r\n          &lt;S N=\"Name\"&gt;?&lt;/S&gt;\r\n          &lt;S N=\"Description\"&gt;Status of last command&lt;/S&gt;\r\n          &lt;S N=\"Visibility\"&gt;Public&lt;/S&gt;\r\n          &lt;Nil N=\"Module\" /&gt;\r\n          &lt;S N=\"ModuleName\"&gt;&lt;/S&gt;\r\n          &lt;S N=\"Options\"&gt;ReadOnly, AllScope&lt;/S&gt;\r\n          &lt;Obj N=\"Attributes\" RefId=\"9\"&gt;\r\n            &lt;TNRef RefId=\"2\" /&gt;\r\n            &lt;LST /&gt;\r\n          &lt;/Obj&gt;\r\n        &lt;/Props&gt;\r\n        &lt;MS&gt;\r\n          &lt;S N=\"PSPath\"&gt;Microsoft.PowerShell.Core\\Variable::?&lt;/S&gt;\r\n          &lt;Ref N=\"PSDrive\" RefId=\"3\" /&gt;\r\n          &lt;Ref N=\"PSProvider\" RefId=\"6\" /&gt;\r\n          &lt;B N=\"PSIsContainer\"&gt;false&lt;/B&gt;\r\n        &lt;/MS&gt;\r\n      &lt;/Obj&gt;\r\n      &lt;Obj RefId=\"10\"&gt;\r\n        &lt;TNRef RefId=\"1\" /&gt;\r\n        &lt;ToString&gt;System.Management.Automation.PSVariable&lt;/ToString&gt;\r\n        &lt;Props&gt;\r\n          &lt;S N=\"Name\"&gt;^&lt;/S&gt;\r\n          &lt;S N=\"Description\"&gt;&lt;/S&gt;\r\n          &lt;Nil N=\"Value\" /&gt;\r\n          &lt;S N=\"Visibility\"&gt;Public&lt;/S&gt;\r\n          &lt;Nil N=\"Module\" /&gt;\r\n          &lt;S N=\"ModuleName\"&gt;&lt;/S&gt;\r\n          &lt;S N=\"Options\"&gt;None&lt;/S&gt;\r\n          &lt;Obj N=\"Attributes\" RefId=\"11\"&gt;\r\n            &lt;TNRef RefId=\"2\" /&gt;\r\n            &lt;LST /&gt;\r\n          &lt;/Obj&gt;\r\n        &lt;/Props&gt;\r\n        &lt;MS&gt;\r\n          &lt;S N=\"PSPath\"&gt;Microsoft.PowerShell.Core\\Variable::^&lt;/S&gt;\r\n          &lt;Ref N=\"PSDrive\" RefId=\"3\" /&gt;\r\n          &lt;Ref N=\"PSProvider\" RefId=\"6\" /&gt;\r\n          &lt;B N=\"PSIsContainer\"&gt;false&lt;/B&gt;\r\n        &lt;/MS&gt;\r\n      &lt;/Obj&gt;\r\n      &lt;Obj RefId=\"12\"&gt;\r\n        &lt;TN RefId=\"8\"&gt;\r\n          &lt;T&gt;System.Management.Automation.LocalVariable&lt;/T&gt;\r\n          &lt;T&gt;System.Management.Automation.PSVariable&lt;/T&gt;\r\n          &lt;T&gt;System.Object&lt;/T&gt;\r\n        &lt;/TN&gt;\r\n        &lt;ToString&gt;System.Management.Automation.LocalVariable&lt;/ToString&gt;\r\n        &lt;Props&gt;\r\n          &lt;S N=\"Options\"&gt;None&lt;/S&gt;\r\n          &lt;Obj N=\"Value\" RefId=\"13\"&gt;\r\n            &lt;TN RefId=\"9\"&gt;\r\n              &lt;T&gt;System.Object[]&lt;/T&gt;\r\n              &lt;T&gt;System.Array&lt;/T&gt;\r\n              &lt;T&gt;System.Object&lt;/T&gt;\r\n            &lt;/TN&gt;\r\n            &lt;LST /&gt;\r\n          &lt;/Obj&gt;\r\n          &lt;S N=\"Name\"&gt;args&lt;/S&gt;\r\n          &lt;S N=\"Description\"&gt;&lt;/S&gt;\r\n          &lt;S N=\"Visibility\"&gt;Public&lt;/S&gt;\r\n          &lt;Nil N=\"Module\" /&gt;\r\n          &lt;S N=\"ModuleName\"&gt;&lt;/S&gt;\r\n          &lt;Obj N=\"Attributes\" RefId=\"14\"&gt;\r\n            &lt;TNRef RefId=\"2\" /&gt;\r\n            &lt;LST /&gt;\r\n          &lt;/Obj&gt;\r\n        &lt;/Props&gt;\r\n        &lt;MS&gt;\r\n          &lt;S N=\"PSPath\"&gt;Microsoft.PowerShell.Core\\Variable::args&lt;/S&gt;\r\n          &lt;Ref N=\"PSDrive\" RefId=\"3\" /&gt;\r\n          &lt;Ref N=\"PSProvider\" RefId=\"6\" /&gt;\r\n          &lt;B N=\"PSIsContainer\"&gt;false&lt;/B&gt;\r\n        &lt;/MS&gt;\r\n      &lt;/Obj&gt;\r\n      &lt;Obj RefId=\"15\"&gt;\r\n        &lt;TNRef RefId=\"1\" /&gt;\r\n        &lt;ToString&gt;System.Management.Automation.PSVariable&lt;/ToString&gt;\r\n        &lt;Props&gt;\r\n          &lt;S N=\"Name\"&gt;ConfirmPreference&lt;/S&gt;\r\n          &lt;S N=\"Description\"&gt;Dictates when confirmation should be requested. Confirmation is requested when the ConfirmImpact of the operation is equal to or greater than $ConfirmPreference. If $ConfirmPreference is None, actions will only be confirmed when Confirm is specified.&lt;/S&gt;\r\n          &lt;S N=\"Value\"&gt;High&lt;/S&gt;\r\n          &lt;S N=\"Visibility\"&gt;Public&lt;/S&gt;\r\n          &lt;Nil N=\"Module\" /&gt;\r\n          &lt;S N=\"ModuleName\"&gt;&lt;/S&gt;\r\n          &lt;S N=\"Options\"&gt;None&lt;/S&gt;\r\n          &lt;Obj N=\"Attributes\" RefId=\"16\"&gt;\r\n            &lt;TNRef RefId=\"2\" /&gt;\r\n            &lt;LST&gt;\r\n              &lt;S&gt;System.Management.Automation.ArgumentTypeConverterAttribute&lt;/S&gt;\r\n            &lt;/LST&gt;\r\n          &lt;/Obj&gt;\r\n        &lt;/Props&gt;\r\n        &lt;MS&gt;\r\n          &lt;S N=\"PSPath\"&gt;Microsoft.PowerShell.Core\\Variable::ConfirmPreference&lt;/S&gt;\r\n          &lt;Ref N=\"PSDrive\" RefId=\"3\" /&gt;\r\n          &lt;Ref N=\"PSProvider\" RefId=\"6\" /&gt;\r\n          &lt;B N=\"PSIsContainer\"&gt;false&lt;/B&gt;\r\n        &lt;/MS&gt;\r\n      &lt;/Obj&gt;\r\n      &lt;Obj RefId=\"17\"&gt;\r\n        &lt;TNRef RefId=\"1\" /&gt;\r\n        &lt;ToString&gt;System.Management.Automation.PSVariable&lt;/ToString&gt;\r\n        &lt;Props&gt;\r\n          &lt;S N=\"Name\"&gt;DebugPreference&lt;/S&gt;\r\n          &lt;S N=\"Description\"&gt;Dictates the action taken when a Debug message is delivered&lt;/S&gt;\r\n          &lt;S N=\"Value\"&gt;SilentlyContinue&lt;/S&gt;\r\n          &lt;S N=\"Visibility\"&gt;Public&lt;/S&gt;\r\n          &lt;Nil N=\"Module\" /&gt;\r\n          &lt;S N=\"ModuleName\"&gt;&lt;/S&gt;\r\n          &lt;S N=\"Options\"&gt;None&lt;/S&gt;\r\n          &lt;Obj N=\"Attributes\" RefId=\"18\"&gt;\r\n            &lt;TNRef RefId=\"2\" /&gt;\r\n            &lt;LST&gt;\r\n              &lt;S&gt;System.Management.Automation.ArgumentTypeConverterAttribute&lt;/S&gt;\r\n            &lt;/LST&gt;\r\n          &lt;/Obj&gt;\r\n        &lt;/Props&gt;\r\n        &lt;MS&gt;\r\n          &lt;S N=\"PSPath\"&gt;Microsoft.PowerShell.Core\\Variable::DebugPreference&lt;/S&gt;\r\n          &lt;Ref N=\"PSDrive\" RefId=\"3\" /&gt;\r\n          &lt;Ref N=\"PSProvider\" RefId=\"6\" /&gt;\r\n          &lt;B N=\"PSIsContainer\"&gt;false&lt;/B&gt;\r\n        &lt;/MS&gt;\r\n      &lt;/Obj&gt;\r\n      &lt;Obj RefId=\"19\"&gt;\r\n        &lt;TNRef RefId=\"1\" /&gt;\r\n        &lt;ToString&gt;System.Management.Automation.PSVariable&lt;/ToString&gt;\r\n        &lt;Props&gt;\r\n          &lt;S N=\"Name\"&gt;EnabledExperimentalFeatures&lt;/S&gt;\r\n          &lt;S N=\"Description\"&gt;Variable to hold the enabled experimental feature names&lt;/S&gt;\r\n          &lt;Obj N=\"Value\" RefId=\"20\"&gt;\r\n            &lt;TN RefId=\"10\"&gt;\r\n              &lt;T&gt;System.Management.Automation.Internal.ReadOnlyBag`1[[System.String, System.Private.CoreLib, Version=4.0.0.0, Culture=neutral, PublicKeyToken=7cec85d7bea7798e]]&lt;/T&gt;\r\n              &lt;T&gt;System.Object&lt;/T&gt;\r\n            &lt;/TN&gt;\r\n            &lt;IE /&gt;\r\n          &lt;/Obj&gt;\r\n          &lt;S N=\"Visibility\"&gt;Public&lt;/S&gt;\r\n          &lt;Nil N=\"Module\" /&gt;\r\n          &lt;S N=\"ModuleName\"&gt;&lt;/S&gt;\r\n          &lt;S N=\"Options\"&gt;Constant, AllScope&lt;/S&gt;\r\n          &lt;Obj N=\"Attributes\" RefId=\"21\"&gt;\r\n            &lt;TNRef RefId=\"2\" /&gt;\r\n            &lt;LST /&gt;\r\n          &lt;/Obj&gt;\r\n        &lt;/Props&gt;\r\n        &lt;MS&gt;\r\n          &lt;S N=\"PSPath\"&gt;Microsoft.PowerShell.Core\\Variable::EnabledExperimentalFeatures&lt;/S&gt;\r\n          &lt;Ref N=\"PSDrive\" RefId=\"3\" /&gt;\r\n          &lt;Ref N=\"PSProvider\" RefId=\"6\" /&gt;\r\n          &lt;B N=\"PSIsContainer\"&gt;false&lt;/B&gt;\r\n        &lt;/MS&gt;\r\n      &lt;/Obj&gt;\r\n      &lt;Obj RefId=\"22\"&gt;\r\n        &lt;TNRef RefId=\"1\" /&gt;\r\n        &lt;ToString&gt;System.Management.Automation.PSVariable&lt;/ToString&gt;\r\n        &lt;Props&gt;\r\n          &lt;S N=\"Name\"&gt;Error&lt;/S&gt;\r\n          &lt;S N=\"Description\"&gt;&lt;/S&gt;\r\n          &lt;Obj N=\"Value\" RefId=\"23\"&gt;\r\n            &lt;TN RefId=\"11\"&gt;\r\n              &lt;T&gt;System.Collections.ArrayList&lt;/T&gt;\r\n              &lt;T&gt;System.Object&lt;/T&gt;\r\n            &lt;/TN&gt;\r\n            &lt;LST&gt;\r\n              &lt;S&gt;System.Management.Automation.ActionPreferenceStopException: The running command stopped because the preference variable \"ErrorActionPreference\" or common parameter is set to Stop: The term 'dur' is not recognized as the name of a cmdlet, function, script file, or operable program._x000D__x000A_Check the spelling of the name, or if a path was included, verify that the path is correct and try again._x000D__x000A_   at System.Management.Automation.Runspaces.AsyncResult.EndInvoke()_x000D__x000A_   at System.Management.Automation.PowerShell.EndInvoke(IAsyncResult asyncResult)_x000D__x000A_   at System.Threading.Tasks.TaskFactory`1.FromAsyncCoreLogic(IAsyncResult iar, Func`2 endFunction, Action`1 endAction, Task`1 promise, Boolean requiresSynchronization)&lt;/S&gt;\r\n              &lt;S&gt;The term 'dur' is not recognized as the name of a cmdlet, function, script file, or operable program._x000D__x000A_Check the spelling of the name, or if a path was included, verify that the path is correct and try again.&lt;/S&gt;\r\n              &lt;S&gt;System.Management.Automation.ActionPreferenceStopException: The running command stopped because the preference variable \"ErrorActionPreference\" or common parameter is set to Stop: The term 'dur' is not recognized as the name of a cmdlet, function, script file, or operable program._x000D__x000A_Check the spelling of the name, or if a path was included, verify that the path is correct and try again._x000D__x000A_   at System.Management.Automation.Runspaces.AsyncResult.EndInvoke()_x000D__x000A_   at System.Management.Automation.PowerShell.EndInvoke(IAsyncResult asyncResult)_x000D__x000A_   at System.Threading.Tasks.TaskFactory`1.FromAsyncCoreLogic(IAsyncResult iar, Func`2 endFunction, Action`1 endAction, Task`1 promise, Boolean requiresSynchronization)&lt;/S&gt;\r\n              &lt;S&gt;The term 'dur' is not recognized as the name of a cmdlet, function, script file, or operable program._x000D__x000A_Check the spelling of the name, or if a path was included, verify that the path is correct and try again.&lt;/S&gt;\r\n              &lt;S&gt;System.Management.Automation.ActionPreferenceStopException: The running command stopped because the preference variable \"ErrorActionPreference\" or common parameter is set to Stop: The term 'dur' is not recognized as the name of a cmdlet, function, script file, or operable program._x000D__x000A_Check the spelling of the name, or if a path was included, verify that the path is correct and try again._x000D__x000A_   at System.Management.Automation.Runspaces.AsyncResult.EndInvoke()_x000D__x000A_   at System.Management.Automation.PowerShell.EndInvoke(IAsyncResult asyncResult)_x000D__x000A_   at System.Threading.Tasks.TaskFactory`1.FromAsyncCoreLogic(IAsyncResult iar, Func`2 endFunction, Action`1 endAction, Task`1 promise, Boolean requiresSynchronization)&lt;/S&gt;\r\n              &lt;S&gt;The term 'dur' is not recognized as the name of a cmdlet, function, script file, or operable program._x000D__x000A_Check the spelling of the name, or if a path was included, verify that the path is correct and try again.&lt;/S&gt;\r\n              &lt;S&gt;System.Management.Automation.ActionPreferenceStopException: The running command stopped because the preference variable \"ErrorActionPreference\" or common parameter is set to Stop: The term 'dur' is not recognized as the name of a cmdlet, function, script file, or operable program._x000D__x000A_Check the spelling of the name, or if a path was included, verify that the path is correct and try again._x000D__x000A_   at System.Management.Automation.Runspaces.AsyncResult.EndInvoke()_x000D__x000A_   at System.Management.Automation.PowerShell.EndInvoke(IAsyncResult asyncResult)_x000D__x000A_   at System.Threading.Tasks.TaskFactory`1.FromAsyncCoreLogic(IAsyncResult iar, Func`2 endFunction, Action`1 endAction, Task`1 promise, Boolean requiresSynchronization)&lt;/S&gt;\r\n              &lt;S&gt;The term 'dur' is not recognized as the name of a cmdlet, function, script file, or operable program._x000D__x000A_Check the spelling of the name, or if a path was included, verify that the path is correct and try again.&lt;/S&gt;\r\n              &lt;S&gt;System.Management.Automation.ActionPreferenceStopException: The running command stopped because the preference variable \"ErrorActionPreference\" or common parameter is set to Stop: The term 'dur' is not recognized as the name of a cmdlet, function, script file, or operable program._x000D__x000A_Check the spelling of the name, or if a path was included, verify that the path is correct and try again._x000D__x000A_   at System.Management.Automation.Runspaces.AsyncResult.EndInvoke()_x000D__x000A_   at System.Management.Automation.PowerShell.EndInvoke(IAsyncResult asyncResult)_x000D__x000A_   at System.Threading.Tasks.TaskFactory`1.FromAsyncCoreLogic(IAsyncResult iar, Func`2 endFunction, Action`1 endAction, Task`1 promise, Boolean requiresSynchronization)&lt;/S&gt;\r\n              &lt;S&gt;The term 'dur' is not recognized as the name of a cmdlet, function, script file, or operable program._x000D__x000A_Check the spelling of the name, or if a path was included, verify that the path is correct and try again.&lt;/S&gt;\r\n              &lt;S&gt;System.Management.Automation.ActionPreferenceStopException: The running command stopped because the preference variable \"ErrorActionPreference\" or common parameter is set to Stop: The term 'dur' is not recognized as the name of a cmdlet, function, script file, or operable program._x000D__x000A_Check the spelling of the name, or if a path was included, verify that the path is correct and try again._x000D__x000A_   at System.Management.Automation.Runspaces.AsyncResult.EndInvoke()_x000D__x000A_   at System.Management.Automation.PowerShell.EndInvoke(IAsyncResult asyncResult)_x000D__x000A_   at System.Threading.Tasks.TaskFactory`1.FromAsyncCoreLogic(IAsyncResult iar, Func`2 endFunction, Action`1 endAction, Task`1 promise, Boolean requiresSynchronization)&lt;/S&gt;\r\n              &lt;S&gt;The term 'dur' is not recognized as the name of a cmdlet, function, script file, or operable program._x000D__x000A_Check the spelling of the name, or if a path was included, verify that the path is correct and try again.&lt;/S&gt;\r\n              &lt;S&gt;System.Management.Automation.ActionPreferenceStopException: The running command stopped because the preference variable \"ErrorActionPreference\" or common parameter is set to Stop: The term 'dur' is not recognized as the name of a cmdlet, function, script file, or operable program._x000D__x000A_Check the spelling of the name, or if a path was included, verify that the path is correct and try again._x000D__x000A_   at System.Management.Automation.Runspaces.AsyncResult.EndInvoke()_x000D__x000A_   at System.Management.Automation.PowerShell.EndInvoke(IAsyncResult asyncResult)_x000D__x000A_   at System.Threading.Tasks.TaskFactory`1.FromAsyncCoreLogic(IAsyncResult iar, Func`2 endFunction, Action`1 endAction, Task`1 promise, Boolean requiresSynchronization)&lt;/S&gt;\r\n              &lt;S&gt;The term 'dur' is not recognized as the name of a cmdlet, function, script file, or operable program._x000D__x000A_Check the spelling of the name, or if a path was included, verify that the path is correct and try again.&lt;/S&gt;\r\n              &lt;S&gt;System.Management.Automation.ActionPreferenceStopException: The running command stopped because the preference variable \"ErrorActionPreference\" or common parameter is set to Stop: The term 'dur' is not recognized as the name of a cmdlet, function, script file, or operable program._x000D__x000A_Check the spelling of the name, or if a path was included, verify that the path is correct and try again._x000D__x000A_   at System.Management.Automation.Runspaces.AsyncResult.EndInvoke()_x000D__x000A_   at System.Management.Automation.PowerShell.EndInvoke(IAsyncResult asyncResult)_x000D__x000A_   at System.Threading.Tasks.TaskFactory`1.FromAsyncCoreLogic(IAsyncResult iar, Func`2 endFunction, Action`1 endAction, Task`1 promise, Boolean requiresSynchronization)&lt;/S&gt;\r\n              &lt;S&gt;The term 'dur' is not recognized as the name of a cmdlet, function, script file, or operable program._x000D__x000A_Check the spelling of the name, or if a path was included, verify that the path is correct and try again.&lt;/S&gt;\r\n            &lt;/LST&gt;\r\n          &lt;/Obj&gt;\r\n          &lt;S N=\"Visibility\"&gt;Public&lt;/S&gt;\r\n          &lt;Nil N=\"Module\" /&gt;\r\n          &lt;S N=\"ModuleName\"&gt;&lt;/S&gt;\r\n          &lt;S N=\"Options\"&gt;Constant&lt;/S&gt;\r\n          &lt;Obj N=\"Attributes\" RefId=\"24\"&gt;\r\n            &lt;TNRef RefId=\"2\" /&gt;\r\n            &lt;LST /&gt;\r\n          &lt;/Obj&gt;\r\n        &lt;/Props&gt;\r\n        &lt;MS&gt;\r\n          &lt;S N=\"PSPath\"&gt;Microsoft.PowerShell.Core\\Variable::Error&lt;/S&gt;\r\n          &lt;Ref N=\"PSDrive\" RefId=\"3\" /&gt;\r\n          &lt;Ref N=\"PSProvider\" RefId=\"6\" /&gt;\r\n          &lt;B N=\"PSIsContainer\"&gt;false&lt;/B&gt;\r\n        &lt;/MS&gt;\r\n      &lt;/Obj&gt;\r\n      &lt;Obj RefId=\"25\"&gt;\r\n        &lt;TNRef RefId=\"1\" /&gt;\r\n        &lt;ToString&gt;System.Management.Automation.PSVariable&lt;/ToString&gt;\r\n        &lt;Props&gt;\r\n          &lt;S N=\"Name\"&gt;ErrorActionPreference&lt;/S&gt;\r\n          &lt;S N=\"Description\"&gt;Making sure execution stop on error&lt;/S&gt;\r\n          &lt;S N=\"Value\"&gt;Stop&lt;/S&gt;\r\n          &lt;S N=\"Visibility\"&gt;Public&lt;/S&gt;\r\n          &lt;Nil N=\"Module\" /&gt;\r\n          &lt;S N=\"ModuleName\"&gt;&lt;/S&gt;\r\n          &lt;S N=\"Options\"&gt;None&lt;/S&gt;\r\n          &lt;Obj N=\"Attributes\" RefId=\"26\"&gt;\r\n            &lt;TNRef RefId=\"2\" /&gt;\r\n            &lt;LST /&gt;\r\n          &lt;/Obj&gt;\r\n        &lt;/Props&gt;\r\n        &lt;MS&gt;\r\n          &lt;S N=\"PSPath\"&gt;Microsoft.PowerShell.Core\\Variable::ErrorActionPreference&lt;/S&gt;\r\n          &lt;Ref N=\"PSDrive\" RefId=\"3\" /&gt;\r\n          &lt;Ref N=\"PSProvider\" RefId=\"6\" /&gt;\r\n          &lt;B N=\"PSIsContainer\"&gt;false&lt;/B&gt;\r\n        &lt;/MS&gt;\r\n      &lt;/Obj&gt;\r\n      &lt;Obj RefId=\"27\"&gt;\r\n        &lt;TNRef RefId=\"1\" /&gt;\r\n        &lt;ToString&gt;System.Management.Automation.PSVariable&lt;/ToString&gt;\r\n        &lt;Props&gt;\r\n          &lt;S N=\"Name\"&gt;ErrorView&lt;/S&gt;\r\n          &lt;S N=\"Description\"&gt;Dictates the view mode to use when displaying errors&lt;/S&gt;\r\n          &lt;S N=\"Value\"&gt;ConciseView&lt;/S&gt;\r\n          &lt;S N=\"Visibility\"&gt;Public&lt;/S&gt;\r\n          &lt;Nil N=\"Module\" /&gt;\r\n          &lt;S N=\"ModuleName\"&gt;&lt;/S&gt;\r\n          &lt;S N=\"Options\"&gt;None&lt;/S&gt;\r\n          &lt;Obj N=\"Attributes\" RefId=\"28\"&gt;\r\n            &lt;TNRef RefId=\"2\" /&gt;\r\n            &lt;LST&gt;\r\n              &lt;S&gt;System.Management.Automation.ArgumentTypeConverterAttribute&lt;/S&gt;\r\n            &lt;/LST&gt;\r\n          &lt;/Obj&gt;\r\n        &lt;/Props&gt;\r\n        &lt;MS&gt;\r\n          &lt;S N=\"PSPath\"&gt;Microsoft.PowerShell.Core\\Variable::ErrorView&lt;/S&gt;\r\n          &lt;Ref N=\"PSDrive\" RefId=\"3\" /&gt;\r\n          &lt;Ref N=\"PSProvider\" RefId=\"6\" /&gt;\r\n          &lt;B N=\"PSIsContainer\"&gt;false&lt;/B&gt;\r\n        &lt;/MS&gt;\r\n      &lt;/Obj&gt;\r\n      &lt;Obj RefId=\"29\"&gt;\r\n        &lt;TNRef RefId=\"1\" /&gt;\r\n        &lt;ToString&gt;System.Management.Automation.PSVariable&lt;/ToString&gt;\r\n        &lt;Props&gt;\r\n          &lt;S N=\"Name\"&gt;ExecutionContext&lt;/S&gt;\r\n          &lt;S N=\"Description\"&gt;The run objects available to cmdlets&lt;/S&gt;\r\n          &lt;S N=\"Value\"&gt;System.Management.Automation.EngineIntrinsics&lt;/S&gt;\r\n          &lt;S N=\"Visibility\"&gt;Public&lt;/S&gt;\r\n          &lt;Nil N=\"Module\" /&gt;\r\n          &lt;S N=\"ModuleName\"&gt;&lt;/S&gt;\r\n          &lt;S N=\"Options\"&gt;Constant, AllScope&lt;/S&gt;\r\n          &lt;Obj N=\"Attributes\" RefId=\"30\"&gt;\r\n            &lt;TNRef RefId=\"2\" /&gt;\r\n            &lt;LST /&gt;\r\n          &lt;/Obj&gt;\r\n        &lt;/Props&gt;\r\n        &lt;MS&gt;\r\n          &lt;S N=\"PSPath\"&gt;Microsoft.PowerShell.Core\\Variable::ExecutionContext&lt;/S&gt;\r\n          &lt;Ref N=\"PSDrive\" RefId=\"3\" /&gt;\r\n          &lt;Ref N=\"PSProvider\" RefId=\"6\" /&gt;\r\n          &lt;B N=\"PSIsContainer\"&gt;false&lt;/B&gt;\r\n        &lt;/MS&gt;\r\n      &lt;/Obj&gt;\r\n      &lt;Obj RefId=\"31\"&gt;\r\n        &lt;TNRef RefId=\"1\" /&gt;\r\n        &lt;ToString&gt;System.Management.Automation.PSVariable&lt;/ToString&gt;\r\n        &lt;Props&gt;\r\n          &lt;S N=\"Name\"&gt;false&lt;/S&gt;\r\n          &lt;S N=\"Description\"&gt;Boolean False&lt;/S&gt;\r\n          &lt;B N=\"Value\"&gt;false&lt;/B&gt;\r\n          &lt;S N=\"Visibility\"&gt;Public&lt;/S&gt;\r\n          &lt;Nil N=\"Module\" /&gt;\r\n          &lt;S N=\"ModuleName\"&gt;&lt;/S&gt;\r\n          &lt;S N=\"Option
[...]
anagement.Automation.PSObject, System.Management.Automation, Version=7.0.0.0, Culture=neutral, PublicKeyToken=31bf3856ad364e35]]&lt;/T&gt;\r\n      &lt;T&gt;System.Object&lt;/T&gt;\r\n    &lt;/TN&gt;\r\n    &lt;LST&gt;\r\n      &lt;Obj RefId=\"1\"&gt;\r\n        &lt;TN RefId=\"1\"&gt;\r\n          &lt;T&gt;System.Management.Automation.PSVersionHashTable&lt;/T&gt;\r\n          &lt;T&gt;System.Collections.Hashtable&lt;/T&gt;\r\n          &lt;T&gt;System.Object&lt;/T&gt;\r\n        &lt;/TN&gt;\r\n        &lt;DCT&gt;\r\n          &lt;En&gt;\r\n            &lt;S N=\"Key\"&gt;PSVersion&lt;/S&gt;\r\n            &lt;Obj N=\"Value\" RefId=\"2\"&gt;\r\n              &lt;TN RefId=\"2\"&gt;\r\n                &lt;T&gt;System.Management.Automation.SemanticVersion&lt;/T&gt;\r\n                &lt;T&gt;System.Object&lt;/T&gt;\r\n              &lt;/TN&gt;\r\n              &lt;ToString&gt;7.0.0-rc.2&lt;/ToString&gt;\r\n              &lt;Props&gt;\r\n                &lt;I32 N=\"Major\"&gt;7&lt;/I32&gt;\r\n                &lt;I32 N=\"Minor\"&gt;0&lt;/I32&gt;\r\n                &lt;I32 N=\"Patch\"&gt;0&lt;/I32&gt;\r\n                &lt;S N=\"PreReleaseLabel\"&gt;rc.2&lt;/S&gt;\r\n                &lt;Nil N=\"BuildLabel\" /&gt;\r\n              &lt;/Props&gt;\r\n            &lt;/Obj&gt;\r\n          &lt;/En&gt;\r\n          &lt;En&gt;\r\n            &lt;S N=\"Key\"&gt;PSRemotingProtocolVersion&lt;/S&gt;\r\n            &lt;Version N=\"Value\"&gt;2.3&lt;/Version&gt;\r\n          &lt;/En&gt;\r\n          &lt;En&gt;\r\n            &lt;S N=\"Key\"&gt;WSManStackVersion&lt;/S&gt;\r\n            &lt;Version N=\"Value\"&gt;3.0&lt;/Version&gt;\r\n          &lt;/En&gt;\r\n          &lt;En&gt;\r\n            &lt;S N=\"Key\"&gt;PSCompatibleVersions&lt;/S&gt;\r\n            &lt;Obj N=\"Value\" RefId=\"3\"&gt;\r\n              &lt;TN RefId=\"3\"&gt;\r\n                &lt;T&gt;System.Version[]&lt;/T&gt;\r\n                &lt;T&gt;System.Array&lt;/T&gt;\r\n                &lt;T&gt;System.Object&lt;/T&gt;\r\n              &lt;/TN&gt;\r\n              &lt;LST&gt;\r\n                &lt;Version&gt;1.0&lt;/Version&gt;\r\n                &lt;Version&gt;2.0&lt;/Version&gt;\r\n                &lt;Version&gt;3.0&lt;/Version&gt;\r\n                &lt;Version&gt;4.0&lt;/Version&gt;\r\n                &lt;Version&gt;5.0&lt;/Version&gt;\r\n                &lt;Version&gt;5.1.10032.0&lt;/Version&gt;\r\n                &lt;Version&gt;6.0.0&lt;/Version&gt;\r\n                &lt;Version&gt;6.1.0&lt;/Version&gt;\r\n                &lt;Version&gt;6.2.0&lt;/Version&gt;\r\n                &lt;Obj RefId=\"4\"&gt;\r\n                  &lt;TN RefId=\"4\"&gt;\r\n                    &lt;T&gt;System.Version#IncludeLabel&lt;/T&gt;\r\n                    &lt;T&gt;System.Version&lt;/T&gt;\r\n                    &lt;T&gt;System.Object&lt;/T&gt;\r\n                  &lt;/TN&gt;\r\n                  &lt;Version&gt;7.0.0&lt;/Version&gt;\r\n                  &lt;MS&gt;\r\n                    &lt;S N=\"PSSemVerPreReleaseLabel\"&gt;rc.2&lt;/S&gt;\r\n                  &lt;/MS&gt;\r\n                &lt;/Obj&gt;\r\n              &lt;/LST&gt;\r\n            &lt;/Obj&gt;\r\n          &lt;/En&gt;\r\n          &lt;En&gt;\r\n            &lt;S N=\"Key\"&gt;OS&lt;/S&gt;\r\n            &lt;S N=\"Value\"&gt;Microsoft Windows 10.0.19041&lt;/S&gt;\r\n          &lt;/En&gt;\r\n          &lt;En&gt;\r\n            &lt;S N=\"Key\"&gt;Platform&lt;/S&gt;\r\n            &lt;S N=\"Value\"&gt;Win32NT&lt;/S&gt;\r\n          &lt;/En&gt;\r\n          &lt;En&gt;\r\n            &lt;S N=\"Key\"&gt;PSEdition&lt;/S&gt;\r\n            &lt;S N=\"Value\"&gt;Core&lt;/S&gt;\r\n          &lt;/En&gt;\r\n          &lt;En&gt;\r\n            &lt;S N=\"Key\"&gt;GitCommitId&lt;/S&gt;\r\n            &lt;S N=\"Value\"&gt;7.0.0-rc.2&lt;/S&gt;\r\n          &lt;/En&gt;\r\n          &lt;En&gt;\r\n            &lt;S N=\"Key\"&gt;SerializationVersion&lt;/S&gt;\r\n            &lt;Version N=\"Value\"&gt;1.1.0.1&lt;/Version&gt;\r\n          &lt;/En&gt;\r\n        &lt;/DCT&gt;\r\n      &lt;/Obj&gt;\r\n    &lt;/LST&gt;\r\n  &lt;/Obj&gt;\r\n&lt;/Objs&gt;","info":"&lt;Objs Version=\"1.1.0.1\" xmlns=\"http://schemas.microsoft.com/powershell/2004/04\"&gt;\r\n  &lt;Obj RefId=\"0\"&gt;\r\n    &lt;TN RefId=\"0\"&gt;\r\n      &lt;T&gt;System.Management.Automation.PSDataCollection`1[[System.Management.Automation.InformationRecord, System.Management.Automation, Version=7.0.0.0, Culture=neutral, PublicKeyToken=31bf3856ad364e35]]&lt;/T&gt;\r\n      &lt;T&gt;System.Object&lt;/T&gt;\r\n    &lt;/TN&gt;\r\n    &lt;LST&gt;\r\n      &lt;Obj RefId=\"1\"&gt;\r\n        &lt;TN RefId=\"1\"&gt;\r\n          &lt;T&gt;System.Management.Automation.InformationRecord&lt;/T&gt;\r\n          &lt;T&gt;System.Object&lt;/T&gt;\r\n        &lt;/TN&gt;\r\n        &lt;ToString&gt;Begin&lt;/ToString&gt;\r\n        &lt;Props&gt;\r\n          &lt;S N=\"MessageData\"&gt;Begin&lt;/S&gt;\r\n          &lt;S N=\"Source\"&gt;Write-Information&lt;/S&gt;\r\n          &lt;DT N=\"TimeGenerated\"&gt;2020-02-19T23:03:07.2865-05:00&lt;/DT&gt;\r\n          &lt;Obj N=\"Tags\" RefId=\"2\"&gt;\r\n            &lt;TN RefId=\"2\"&gt;\r\n              &lt;T&gt;System.Collections.Generic.List`1[[System.String, System.Private.CoreLib, Version=4.0.0.0, Culture=neutral, PublicKeyToken=7cec85d7bea7798e]]&lt;/T&gt;\r\n              &lt;T&gt;System.Object&lt;/T&gt;\r\n            &lt;/TN&gt;\r\n            &lt;LST /&gt;\r\n          &lt;/Obj&gt;\r\n          &lt;S N=\"User\"&gt;DESKTOP-K199TTS\\bruno&lt;/S&gt;\r\n          &lt;S N=\"Computer\"&gt;DESKTOP-K199TTS&lt;/S&gt;\r\n          &lt;U32 N=\"ProcessId\"&gt;20512&lt;/U32&gt;\r\n          &lt;U32 N=\"NativeThreadId\"&gt;944&lt;/U32&gt;\r\n          &lt;U32 N=\"ManagedThreadId\"&gt;25&lt;/U32&gt;\r\n        &lt;/Props&gt;\r\n      &lt;/Obj&gt;\r\n      &lt;Obj RefId=\"3\"&gt;\r\n        &lt;TNRef RefId=\"1\" /&gt;\r\n        &lt;ToString&gt;End&lt;/ToString&gt;\r\n        &lt;Props&gt;\r\n          &lt;S N=\"MessageData\"&gt;End&lt;/S&gt;\r\n          &lt;S N=\"Source\"&gt;Write-Information&lt;/S&gt;\r\n          &lt;DT N=\"TimeGenerated\"&gt;2020-02-19T23:03:07.2866364-05:00&lt;/DT&gt;\r\n          &lt;Obj N=\"Tags\" RefId=\"4\"&gt;\r\n            &lt;TNRef RefId=\"2\" /&gt;\r\n            &lt;LST /&gt;\r\n          &lt;/Obj&gt;\r\n          &lt;S N=\"User\"&gt;DESKTOP-K199TTS\\bruno&lt;/S&gt;\r\n          &lt;S N=\"Computer\"&gt;DESKTOP-K199TTS&lt;/S&gt;\r\n          &lt;U32 N=\"ProcessId\"&gt;20512&lt;/U32&gt;\r\n          &lt;U32 N=\"NativeThreadId\"&gt;944&lt;/U32&gt;\r\n          &lt;U32 N=\"ManagedThreadId\"&gt;25&lt;/U32&gt;\r\n        &lt;/Props&gt;\r\n      &lt;/Obj&gt;\r\n    &lt;/LST&gt;\r\n  &lt;/Obj&gt;\r\n&lt;/Objs&gt;"}</StdOut>
      </Output>
    </UnitTestResult>
    <UnitTestResult executionId="e1ef2ecb-c8aa-41d8-a344-3f368460b29e" testId="ddb72797-4d22-344a-4a9a-3b997c382ffc" testName="Tests+FolarisTest.Test a few few more commands (cmd: &quot;Write-Information $(Get-Date)&quot;)" computerName="DESKTOP-K199TTS" duration="00:00:02.2341485" startTime="2020-02-19T23:02:59.1287521-05:00" endTime="2020-02-19T23:02:59.1288465-05:00" testType="13cdc9d9-ddb5-4fa4-a97d-d965ccfc6d4b" outcome="Passed" testListId="8c84fa94-04c1-424b-9868-57a2d4851a1d" relativeResultsDirectory="e1ef2ecb-c8aa-41d8-a344-3f368460b29e">
      <Output>
        <StdOut>reply: {"cmd":"Write-Information $(Get-Date)","outstring":"{}","status":true,"timeBegin":"2020-02-19T23:02:59.0696535-05:00","timeUsed":0.0011979,"output":"&lt;Objs Version=\"1.1.0.1\" xmlns=\"http://schemas.microsoft.com/powershell/2004/04\"&gt;\r\n  &lt;Obj RefId=\"0\"&gt;\r\n    &lt;TN RefId=\"0\"&gt;\r\n      &lt;T&gt;System.Management.Automation.PSDataCollection`1[[System.Management.Automation.PSObject, System.Management.Automation, Version=7.0.0.0, Culture=neutral, PublicKeyToken=31bf3856ad364e35]]&lt;/T&gt;\r\n      &lt;T&gt;System.Object&lt;/T&gt;\r\n    &lt;/TN&gt;\r\n    &lt;LST /&gt;\r\n  &lt;/Obj&gt;\r\n&lt;/Objs&gt;","info":"&lt;Objs Version=\"1.1.0.1\" xmlns=\"http://schemas.microsoft.com/powershell/2004/04\"&gt;\r\n  &lt;Obj RefId=\"0\"&gt;\r\n    &lt;TN RefId=\"0\"&gt;\r\n      &lt;T&gt;System.Management.Automation.PSDataCollection`1[[System.Management.Automation.InformationRecord, System.Management.Automation, Version=7.0.0.0, Culture=neutral, PublicKeyToken=31bf3856ad364e35]]&lt;/T&gt;\r\n      &lt;T&gt;System.Object&lt;/T&gt;\r\n    &lt;/TN&gt;\r\n    &lt;LST&gt;\r\n      &lt;Obj RefId=\"1\"&gt;\r\n        &lt;TN RefId=\"1\"&gt;\r\n          &lt;T&gt;System.Management.Automation.InformationRecord&lt;/T&gt;\r\n          &lt;T&gt;System.Object&lt;/T&gt;\r\n        &lt;/TN&gt;\r\n        &lt;ToString&gt;2/19/2020 11:02:59 PM&lt;/ToString&gt;\r\n        &lt;Props&gt;\r\n          &lt;Obj N=\"MessageData\" RefId=\"2\"&gt;\r\n            &lt;DT&gt;2020-02-19T23:02:59.0702774-05:00&lt;/DT&gt;\r\n            &lt;MS&gt;\r\n              &lt;S N=\"DisplayHint\"&gt;DateTime&lt;/S&gt;\r\n            &lt;/MS&gt;\r\n          &lt;/Obj&gt;\r\n          &lt;S N=\"Source\"&gt;Write-Information&lt;/S&gt;\r\n          &lt;DT N=\"TimeGenerated\"&gt;2020-02-19T23:02:59.0705097-05:00&lt;/DT&gt;\r\n          &lt;Obj N=\"Tags\" RefId=\"3\"&gt;\r\n            &lt;TN RefId=\"2\"&gt;\r\n              &lt;T&gt;System.Collections.Generic.List`1[[System.String, System.Private.CoreLib, Version=4.0.0.0, Culture=neutral, PublicKeyToken=7cec85d7bea7798e]]&lt;/T&gt;\r\n              &lt;T&gt;System.Object&lt;/T&gt;\r\n            &lt;/TN&gt;\r\n            &lt;LST /&gt;\r\n          &lt;/Obj&gt;\r\n          &lt;S N=\"User\"&gt;DESKTOP-K199TTS\\bruno&lt;/S&gt;\r\n          &lt;S N=\"Computer\"&gt;DESKTOP-K199TTS&lt;/S&gt;\r\n          &lt;U32 N=\"ProcessId\"&gt;20512&lt;/U32&gt;\r\n          &lt;U32 N=\"NativeThreadId\"&gt;944&lt;/U32&gt;\r\n          &lt;U32 N=\"ManagedThreadId\"&gt;25&lt;/U32&gt;\r\n        &lt;/Props&gt;\r\n      &lt;/Obj&gt;\r\n    &lt;/LST&gt;\r\n  &lt;/Obj&gt;\r\n&lt;/Objs&gt;"}</StdOut>
      </Output>
    </UnitTestResult>
    <UnitTestResult executionId="08381cda-cbc1-425b-9bb2-72127411b49c" testId="81050dd8-3aef-95c7-b937-328e3f31fa37" testName="Tests+FolarisTest.Error: Get-Command dur" computerName="DESKTOP-K199TTS" duration="00:00:02.1874036" startTime="2020-02-19T23:03:11.5566401-05:00" endTime="2020-02-19T23:03:11.5566598-05:00" testType="13cdc9d9-ddb5-4fa4-a97d-d965ccfc6d4b" outcome="Passed" testListId="8c84fa94-04c1-424b-9868-57a2d4851a1d" relativeResultsDirectory="08381cda-cbc1-425b-9bb2-72127411b49c">
      <Output>
        <StdOut>reply: {"cmd":"","outstring":"Error: One or more errors occurred. (The running command stopped because the preference variable \"ErrorActionPreference\" or common parameter is set to Stop: The term 'dur' is not recognized as the name of a cmdlet, function, script file, or operable program.\r\nCheck the spelling of the name, or if a path was included, verify that the path is correct and try again.)\nStackTrace: ","status":false,"timeBegin":"2020-02-19T23:03:11.4280698-05:00","timeUsed":0.1265098,"output":"&lt;Objs Version=\"1.1.0.1\" xmlns=\"http://schemas.microsoft.com/powershell/2004/04\"&gt;\r\n  &lt;Nil /&gt;\r\n&lt;/Objs&gt;","info":"&lt;Objs Version=\"1.1.0.1\" xmlns=\"http://schemas.microsoft.com/powershell/2004/04\"&gt;\r\n  &lt;Nil /&gt;\r\n&lt;/Objs&gt;"}</StdOut>
      </Output>
    </UnitTestResult>
    <UnitTestResult executionId="27fccf5c-1578-472c-8368-ea2369434fc2" testId="98803710-5753-4105-b107-84ff492cf5cb" testName="Tests+FolarisTest.Test Get-Date" computerName="DESKTOP-K199TTS" duration="00:00:02.0393760" startTime="2020-02-19T23:03:09.3685302-05:00" endTime="2020-02-19T23:03:09.3685366-05:00" testType="13cdc9d9-ddb5-4fa4-a97d-d965ccfc6d4b" outcome="Passed" testListId="8c84fa94-04c1-424b-9868-57a2d4851a1d" relativeResultsDirectory="27fccf5c-1578-472c-8368-ea2369434fc2">
      <Output>
        <StdOut>reply: {"cmd":"Get-Date","outstring":"2/19/2020 11:03:09 PM","status":true,"timeBegin":"2020-02-19T23:03:09.3657642-05:00","timeUsed":0.0004854,"output":"&lt;Objs Version=\"1.1.0.1\" xmlns=\"http://schemas.microsoft.com/powershell/2004/04\"&gt;\r\n  &lt;Obj RefId=\"0\"&gt;\r\n    &lt;TN RefId=\"0\"&gt;\r\n      &lt;T&gt;System.Management.Automation.PSDataCollection`1[[System.Management.Automation.PSObject, System.Management.Automation, Version=7.0.0.0, Culture=neutral, PublicKeyToken=31bf3856ad364e35]]&lt;/T&gt;\r\n      &lt;T&gt;System.Object&lt;/T&gt;\r\n    &lt;/TN&gt;\r\n    &lt;LST&gt;\r\n      &lt;Obj RefId=\"1\"&gt;\r\n        &lt;DT&gt;2020-02-19T23:03:09.36603-05:00&lt;/DT&gt;\r\n        &lt;MS&gt;\r\n          &lt;Obj N=\"DisplayHint\" RefId=\"2\"&gt;\r\n            &lt;TN RefId=\"1\"&gt;\r\n              &lt;T&gt;Microsoft.PowerShell.Commands.DisplayHintType&lt;/T&gt;\r\n              &lt;T&gt;System.Enum&lt;/T&gt;\r\n              &lt;T&gt;System.ValueType&lt;/T&gt;\r\n              &lt;T&gt;System.Object&lt;/T&gt;\r\n            &lt;/TN&gt;\r\n            &lt;ToString&gt;DateTime&lt;/ToString&gt;\r\n            &lt;I32&gt;2&lt;/I32&gt;\r\n          &lt;/Obj&gt;\r\n        &lt;/MS&gt;\r\n      &lt;/Obj&gt;\r\n    &lt;/LST&gt;\r\n  &lt;/Obj&gt;\r\n&lt;/Objs&gt;","info":"&lt;Objs Version=\"1.1.0.1\" xmlns=\"http://schemas.microsoft.com/powershell/2004/04\"&gt;\r\n  &lt;Obj RefId=\"0\"&gt;\r\n    &lt;TN RefId=\"0\"&gt;\r\n      &lt;T&gt;System.Management.Automation.PSDataCollection`1[[System.Management.Automation.InformationRecord, System.Management.Automation, Version=7.0.0.0, Culture=neutral, PublicKeyToken=31bf3856ad364e35]]&lt;/T&gt;\r\n      &lt;T&gt;System.Object&lt;/T&gt;\r\n    &lt;/TN&gt;\r\n    &lt;LST /&gt;\r\n  &lt;/Obj&gt;\r\n&lt;/Objs&gt;"}</StdOut>
      </Output>
    </UnitTestResult>
  </Results>
  <TestDefinitions>
    <UnitTest name="Tests+FolarisTest.Test a few few more commands (cmd: &quot;Write-Information $(Get-Date)&quot;)" storage="f:\projects\fsharp-projects\folaris\folaris-test\bin\debug\netcoreapp3.1\resttest.dll" id="ddb72797-4d22-344a-4a9a-3b997c382ffc">
      <Execution id="e1ef2ecb-c8aa-41d8-a344-3f368460b29e" />
      <TestMethod codeBase="F:\projects\fsharp-projects\folaris\folaris-test\bin\Debug\netcoreapp3.1\RestTest.dll" adapterTypeName="executor://xunit/VsTestRunner2/netcoreapp" className="Tests+FolarisTest" name="Tests+FolarisTest.Test a few few more commands (cmd: &quot;Write-Information $(Get-Date)&quot;)" />
    </UnitTest>
    <UnitTest name="Tests+FolarisTest.Error: with Write-Information" storage="f:\projects\fsharp-projects\folaris\folaris-test\bin\debug\netcoreapp3.1\resttest.dll" id="0cc165a0-88e7-32ec-3864-90e1ac745fa6">
      <Execution id="8a14a0f4-b2f0-4c55-89b1-a2143e6bcc8f" />
      <TestMethod codeBase="F:\projects\fsharp-projects\folaris\folaris-test\bin\Debug\netcoreapp3.1\RestTest.dll" adapterTypeName="executor://xunit/VsTestRunner2/netcoreapp" className="Tests+FolarisTest" name="Tests+FolarisTest.Error: with Write-Information" />
    </UnitTest>
    <UnitTest name="Tests+FolarisTest.Test a few few more commands (cmd: &quot;gci variable:&quot;)" storage="f:\projects\fsharp-projects\folaris\folaris-test\bin\debug\netcoreapp3.1\resttest.dll" id="da80ea17-2d97-e04d-4cb3-2cea214765c5">
      <Execution id="eab6317b-4565-4dc9-a3a5-4bd532928396" />
      <TestMethod codeBase="F:\projects\fsharp-projects\folaris\folaris-test\bin\Debug\netcoreapp3.1\RestTest.dll" adapterTypeName="executor://xunit/VsTestRunner2/netcoreapp" className="Tests+FolarisTest" name="Tests+FolarisTest.Test a few few more commands (cmd: &quot;gci variable:&quot;)" />
    </UnitTest>
    <UnitTest name="Tests+FolarisTest.Error: Get-Command dur" storage="f:\projects\fsharp-projects\folaris\folaris-test\bin\debug\netcoreapp3.1\resttest.dll" id="81050dd8-3aef-95c7-b937-328e3f31fa37">
      <Execution id="08381cda-cbc1-425b-9bb2-72127411b49c" />
      <TestMethod codeBase="F:\projects\fsharp-projects\folaris\folaris-test\bin\Debug\netcoreapp3.1\RestTest.dll" adapterTypeName="executor://xunit/VsTestRunner2/netcoreapp" className="Tests+FolarisTest" name="Tests+FolarisTest.Error: Get-Command dur" />
    </UnitTest>
    <UnitTest name="Tests+FolarisTest.Test Get-Date" storage="f:\projects\fsharp-projects\folaris\folaris-test\bin\debug\netcoreapp3.1\resttest.dll" id="98803710-5753-4105-b107-84ff492cf5cb">
      <Execution id="27fccf5c-1578-472c-8368-ea2369434fc2" />
      <TestMethod codeBase="F:\projects\fsharp-projects\folaris\folaris-test\bin\Debug\netcoreapp3.1\RestTest.dll" adapterTypeName="executor://xunit/VsTestRunner2/netcoreapp" className="Tests+FolarisTest" name="Tests+FolarisTest.Test Get-Date" />
    </UnitTest>
    <UnitTest name="Tests+FolarisTest.Test a few few more commands (cmd: &quot;gci env:&quot;)" storage="f:\projects\fsharp-projects\folaris\folaris-test\bin\debug\netcoreapp3.1\resttest.dll" id="b849462a-b41d-8fc0-6b6a-e315532067b7">
      <Execution id="f16b0b9a-95e1-4126-979a-6339010b41d1" />
      <TestMethod codeBase="F:\projects\fsharp-projects\folaris\folaris-test\bin\Debug\netcoreapp3.1\RestTest.dll" adapterTypeName="executor://xunit/VsTestRunner2/netcoreapp" className="Tests+FolarisTest" name="Tests+FolarisTest.Test a few few more commands (cmd: &quot;gci env:&quot;)" />
    </UnitTest>
    <UnitTest name="Tests+FolarisTest.Test a few few more commands (cmd: &quot;[System.AppDomain]::CurrentDomain.GetAssemblies()|&quot;...)" storage="f:\projects\fsharp-projects\folaris\folaris-test\bin\debug\netcoreapp3.1\resttest.dll" id="fe248b07-632d-61b2-3236-cfa2fdd8ff39">
      <Execution id="410c1189-d9d1-4b74-8fce-121e3c657bd6" />
      <TestMethod codeBase="F:\projects\fsharp-projects\folaris\folaris-test\bin\Debug\netcoreapp3.1\RestTest.dll" adapterTypeName="executor://xunit/VsTestRunner2/netcoreapp" className="Tests+FolarisTest" name="Tests+FolarisTest.Test a few few more commands (cmd: &quot;[System.AppDomain]::CurrentDomain.GetAssemblies()|&quot;...)" />
    </UnitTest>
  </TestDefinitions>
  <TestEntries>
    <TestEntry testId="b849462a-b41d-8fc0-6b6a-e315532067b7" executionId="f16b0b9a-95e1-4126-979a-6339010b41d1" testListId="8c84fa94-04c1-424b-9868-57a2d4851a1d" />
    <TestEntry testId="fe248b07-632d-61b2-3236-cfa2fdd8ff39" executionId="410c1189-d9d1-4b74-8fce-121e3c657bd6" testListId="8c84fa94-04c1-424b-9868-57a2d4851a1d" />
    <TestEntry testId="da80ea17-2d97-e04d-4cb3-2cea214765c5" executionId="eab6317b-4565-4dc9-a3a5-4bd532928396" testListId="8c84fa94-04c1-424b-9868-57a2d4851a1d" />
    <TestEntry testId="0cc165a0-88e7-32ec-3864-90e1ac745fa6" executionId="8a14a0f4-b2f0-4c55-89b1-a2143e6bcc8f" testListId="8c84fa94-04c1-424b-9868-57a2d4851a1d" />
    <TestEntry testId="ddb72797-4d22-344a-4a9a-3b997c382ffc" executionId="e1ef2ecb-c8aa-41d8-a344-3f368460b29e" testListId="8c84fa94-04c1-424b-9868-57a2d4851a1d" />
    <TestEntry testId="81050dd8-3aef-95c7-b937-328e3f31fa37" executionId="08381cda-cbc1-425b-9bb2-72127411b49c" testListId="8c84fa94-04c1-424b-9868-57a2d4851a1d" />
    <TestEntry testId="98803710-5753-4105-b107-84ff492cf5cb" executionId="27fccf5c-1578-472c-8368-ea2369434fc2" testListId="8c84fa94-04c1-424b-9868-57a2d4851a1d" />
  </TestEntries>
  <TestLists>
    <TestList name="Results Not in a List" id="8c84fa94-04c1-424b-9868-57a2d4851a1d" />
    <TestList name="All Loaded Results" id="19431567-8539-422a-85d7-44ee4e166bda" />
  </TestLists>
  <ResultSummary outcome="Completed">
    <Counters total="7" executed="7" passed="7" failed="0" error="0" timeout="0" aborted="0" inconclusive="0" passedButRunAborted="0" notRunnable="0" notExecuted="0" disconnected="0" warning="0" completed="0" inProgress="0" pending="0" />
    <Output>
      <StdOut>[xUnit.net 00:00:00.00] xUnit.net VSTest Adapter v2.4.0 (64-bit .NET Core 3.1.0)&#xD;
[xUnit.net 00:00:01.52]   Discovering: RestTest&#xD;
[xUnit.net 00:00:01.57]   Discovered:  RestTest&#xD;
[xUnit.net 00:00:01.57]   Starting:    RestTest&#xD;
[xUnit.net 00:00:16.31]   Finished:    RestTest&#xD;
</StdOut>
    </Output>
  </ResultSummary>
</TestRun>